2018-10-20 00:15:30,139 - Starting SellApplication on DESKTOP-5JAVIGT with PID 1264 (D:\Idea_workplace\sell\target\classes started by broccoli in D:\Idea_workplace\sell)
2018-10-20 00:15:30,144 - The following profiles are active: dev
2018-10-20 00:15:30,199 - Refreshing org.springframework.boot.web.servlet.context.AnnotationConfigServletWebServerApplicationContext@1fa121e2: startup date [Sat Oct 20 00:15:30 CST 2018]; root of context hierarchy
2018-10-20 00:15:33,083 - Bean 'org.springframework.transaction.annotation.ProxyTransactionManagementConfiguration' of type [org.springframework.transaction.annotation.ProxyTransactionManagementConfiguration$$EnhancerBySpringCGLIB$$369295a3] is not eligible for getting processed by all BeanPostProcessors (for example: not eligible for auto-proxying)
2018-10-20 00:15:37,994 - Tomcat initialized with port(s): 8080 (http)
2018-10-20 00:15:38,251 - Initializing ProtocolHandler ["http-nio-8080"]
2018-10-20 00:15:38,377 - Starting service [Tomcat]
2018-10-20 00:15:38,377 - Starting Servlet Engine: Apache Tomcat/8.5.34
2018-10-20 00:15:38,447 - The APR based Apache Tomcat Native library which allows optimal performance in production environments was not found on the java.library.path: [C:\Program Files\Java\jdk1.8.0_144\bin;C:\WINDOWS\Sun\Java\bin;C:\WINDOWS\system32;C:\WINDOWS;C:\ProgramData\Oracle\Java\javapath;C:;C:\Program Files\Java\jdk1.8.0_144\bin;C:\Program Files\Java\jdk1.8.0_144\jre\bin;\ProgramData\Oracle\Java\javapath;C:\Windows\system32;C:\Windows;C:\Windows\System32\Wbem;C:\Windows\System32\WindowsPowerShell\v1.0\;C:\Program Files (x86)\NVIDIA Corporation\PhysX\Common;C:\Program Files\Intel\WiFi\bin\;C:\Program Files\Common Files\Intel\WirelessCommon\;E:\MySQL\MySQL Server 5.1\bin;D:\Maven\apache-maven-3.5.2\bin;E:\SoftWare\Git\cmd;C:\WINDOWS\system32;C:\WINDOWS;C:\WINDOWS\System32\Wbem;C:\WINDOWS\System32\WindowsPowerShell\v1.0\;E:\NodeJS\;C:\WINDOWS\System32\OpenSSH\;E:\p\Scripts\;E:\p\;C:\Users\broccoli\AppData\Local\Microsoft\WindowsApps;C:\Users\broccoli\AppData\Roaming\npm;E:\Fiddler;C:\Users\broccoli\AppData\Local\Microsoft\WindowsApps;;.]
2018-10-20 00:15:39,570 - Initializing Spring embedded WebApplicationContext
2018-10-20 00:15:39,570 - Root WebApplicationContext: initialization completed in 9371 ms
2018-10-20 00:15:39,675 - Servlet dispatcherServlet mapped to [/]
2018-10-20 00:15:39,691 - Mapping filter: 'characterEncodingFilter' to: [/*]
2018-10-20 00:15:39,691 - Mapping filter: 'hiddenHttpMethodFilter' to: [/*]
2018-10-20 00:15:39,692 - Mapping filter: 'httpPutFormContentFilter' to: [/*]
2018-10-20 00:15:39,692 - Mapping filter: 'requestContextFilter' to: [/*]
2018-10-20 00:15:40,005 - HikariPool-1 - Starting...
2018-10-20 00:15:40,846 - HikariPool-1 - Start completed.
2018-10-20 00:15:41,027 - Building JPA container EntityManagerFactory for persistence unit 'default'
2018-10-20 00:15:41,333 - HHH000204: Processing PersistenceUnitInfo [
	name: default
	...]
2018-10-20 00:15:42,575 - HHH000412: Hibernate Core {5.2.17.Final}
2018-10-20 00:15:42,649 - HHH000206: hibernate.properties not found
2018-10-20 00:15:43,831 - HCANN000001: Hibernate Commons Annotations {5.0.1.Final}
2018-10-20 00:15:44,774 - HHH000400: Using dialect: org.hibernate.dialect.MySQL5InnoDBDialect
2018-10-20 00:15:54,173 - Initialized JPA EntityManagerFactory for persistence unit 'default'
2018-10-20 00:15:58,085 - Mapped URL path [/**/favicon.ico] onto handler of type [class org.springframework.web.servlet.resource.ResourceHttpRequestHandler]
2018-10-20 00:15:59,436 - Looking for @ControllerAdvice: org.springframework.boot.web.servlet.context.AnnotationConfigServletWebServerApplicationContext@1fa121e2: startup date [Sat Oct 20 00:15:30 CST 2018]; root of context hierarchy
2018-10-20 00:16:00,145 - spring.jpa.open-in-view is enabled by default. Therefore, database queries may be performed during view rendering. Explicitly configure spring.jpa.open-in-view to disable this warning
2018-10-20 00:16:00,431 - Mapped "{[/product/buyer/list],methods=[GET]}" onto public com.mo.VO.ResultVO com.mo.Controller.BuyerProductController.list()
2018-10-20 00:16:00,436 - Mapped "{[/error]}" onto public org.springframework.http.ResponseEntity<java.util.Map<java.lang.String, java.lang.Object>> org.springframework.boot.autoconfigure.web.servlet.error.BasicErrorController.error(javax.servlet.http.HttpServletRequest)
2018-10-20 00:16:00,436 - Mapped "{[/error],produces=[text/html]}" onto public org.springframework.web.servlet.ModelAndView org.springframework.boot.autoconfigure.web.servlet.error.BasicErrorController.errorHtml(javax.servlet.http.HttpServletRequest,javax.servlet.http.HttpServletResponse)
2018-10-20 00:16:00,468 - Mapped URL path [/webjars/**] onto handler of type [class org.springframework.web.servlet.resource.ResourceHttpRequestHandler]
2018-10-20 00:16:00,468 - Mapped URL path [/**] onto handler of type [class org.springframework.web.servlet.resource.ResourceHttpRequestHandler]
2018-10-20 00:16:01,634 - Adding welcome page template: index
2018-10-20 00:16:02,557 - Registering beans for JMX exposure on startup
2018-10-20 00:16:02,558 - Bean with name 'dataSource' has been autodetected for JMX exposure
2018-10-20 00:16:02,563 - Located MBean 'dataSource': registering with JMX server as MBean [com.zaxxer.hikari:name=dataSource,type=HikariDataSource]
2018-10-20 00:16:02,607 - Starting ProtocolHandler ["http-nio-8080"]
2018-10-20 00:16:02,619 - Using a shared selector for servlet write/read
2018-10-20 00:16:02,691 - Tomcat started on port(s): 8080 (http) with context path '/sell'
2018-10-20 00:16:02,694 - Started SellApplication in 33.811 seconds (JVM running for 47.079)
2018-10-20 00:16:34,060 - Initializing Spring FrameworkServlet 'dispatcherServlet'
2018-10-20 00:16:34,060 - FrameworkServlet 'dispatcherServlet': initialization started
2018-10-20 00:16:34,161 - FrameworkServlet 'dispatcherServlet': initialization completed in 101 ms
2018-10-20 00:16:55,701 - Resolved [org.springframework.http.converter.HttpMessageNotWritableException: No converter found for return value of type: class com.mo.VO.ResultVO]
2018-10-20 00:18:08,123 - Starting SellApplication on DESKTOP-5JAVIGT with PID 14664 (D:\Idea_workplace\sell\target\classes started by broccoli in D:\Idea_workplace\sell)
2018-10-20 00:18:08,126 - The following profiles are active: dev
2018-10-20 00:18:08,174 - Refreshing org.springframework.boot.web.servlet.context.AnnotationConfigServletWebServerApplicationContext@1fa121e2: startup date [Sat Oct 20 00:18:08 CST 2018]; root of context hierarchy
2018-10-20 00:18:10,041 - Bean 'org.springframework.transaction.annotation.ProxyTransactionManagementConfiguration' of type [org.springframework.transaction.annotation.ProxyTransactionManagementConfiguration$$EnhancerBySpringCGLIB$$cafc5d6a] is not eligible for getting processed by all BeanPostProcessors (for example: not eligible for auto-proxying)
2018-10-20 00:18:10,512 - Tomcat initialized with port(s): 8080 (http)
2018-10-20 00:18:10,525 - Initializing ProtocolHandler ["http-nio-8080"]
2018-10-20 00:18:10,536 - Starting service [Tomcat]
2018-10-20 00:18:10,536 - Starting Servlet Engine: Apache Tomcat/8.5.34
2018-10-20 00:18:10,541 - The APR based Apache Tomcat Native library which allows optimal performance in production environments was not found on the java.library.path: [C:\Program Files\Java\jdk1.8.0_144\bin;C:\WINDOWS\Sun\Java\bin;C:\WINDOWS\system32;C:\WINDOWS;C:\ProgramData\Oracle\Java\javapath;C:;C:\Program Files\Java\jdk1.8.0_144\bin;C:\Program Files\Java\jdk1.8.0_144\jre\bin;\ProgramData\Oracle\Java\javapath;C:\Windows\system32;C:\Windows;C:\Windows\System32\Wbem;C:\Windows\System32\WindowsPowerShell\v1.0\;C:\Program Files (x86)\NVIDIA Corporation\PhysX\Common;C:\Program Files\Intel\WiFi\bin\;C:\Program Files\Common Files\Intel\WirelessCommon\;E:\MySQL\MySQL Server 5.1\bin;D:\Maven\apache-maven-3.5.2\bin;E:\SoftWare\Git\cmd;C:\WINDOWS\system32;C:\WINDOWS;C:\WINDOWS\System32\Wbem;C:\WINDOWS\System32\WindowsPowerShell\v1.0\;E:\NodeJS\;C:\WINDOWS\System32\OpenSSH\;E:\p\Scripts\;E:\p\;C:\Users\broccoli\AppData\Local\Microsoft\WindowsApps;C:\Users\broccoli\AppData\Roaming\npm;E:\Fiddler;C:\Users\broccoli\AppData\Local\Microsoft\WindowsApps;;.]
2018-10-20 00:18:10,683 - Initializing Spring embedded WebApplicationContext
2018-10-20 00:18:10,683 - Root WebApplicationContext: initialization completed in 2509 ms
2018-10-20 00:18:10,747 - Servlet dispatcherServlet mapped to [/]
2018-10-20 00:18:10,753 - Mapping filter: 'characterEncodingFilter' to: [/*]
2018-10-20 00:18:10,754 - Mapping filter: 'hiddenHttpMethodFilter' to: [/*]
2018-10-20 00:18:10,754 - Mapping filter: 'httpPutFormContentFilter' to: [/*]
2018-10-20 00:18:10,754 - Mapping filter: 'requestContextFilter' to: [/*]
2018-10-20 00:18:10,892 - HikariPool-1 - Starting...
2018-10-20 00:18:11,381 - HikariPool-1 - Start completed.
2018-10-20 00:18:11,414 - Building JPA container EntityManagerFactory for persistence unit 'default'
2018-10-20 00:18:11,515 - HHH000204: Processing PersistenceUnitInfo [
	name: default
	...]
2018-10-20 00:18:11,586 - HHH000412: Hibernate Core {5.2.17.Final}
2018-10-20 00:18:11,588 - HHH000206: hibernate.properties not found
2018-10-20 00:18:11,631 - HCANN000001: Hibernate Commons Annotations {5.0.1.Final}
2018-10-20 00:18:11,748 - HHH000400: Using dialect: org.hibernate.dialect.MySQL5InnoDBDialect
2018-10-20 00:18:12,378 - Initialized JPA EntityManagerFactory for persistence unit 'default'
2018-10-20 00:18:12,809 - Mapped URL path [/**/favicon.ico] onto handler of type [class org.springframework.web.servlet.resource.ResourceHttpRequestHandler]
2018-10-20 00:18:13,028 - Looking for @ControllerAdvice: org.springframework.boot.web.servlet.context.AnnotationConfigServletWebServerApplicationContext@1fa121e2: startup date [Sat Oct 20 00:18:08 CST 2018]; root of context hierarchy
2018-10-20 00:18:13,059 - spring.jpa.open-in-view is enabled by default. Therefore, database queries may be performed during view rendering. Explicitly configure spring.jpa.open-in-view to disable this warning
2018-10-20 00:18:13,090 - Mapped "{[/buyer/product/list],methods=[GET]}" onto public com.mo.VO.ResultVO com.mo.Controller.BuyerProductController.list()
2018-10-20 00:18:13,094 - Mapped "{[/error]}" onto public org.springframework.http.ResponseEntity<java.util.Map<java.lang.String, java.lang.Object>> org.springframework.boot.autoconfigure.web.servlet.error.BasicErrorController.error(javax.servlet.http.HttpServletRequest)
2018-10-20 00:18:13,094 - Mapped "{[/error],produces=[text/html]}" onto public org.springframework.web.servlet.ModelAndView org.springframework.boot.autoconfigure.web.servlet.error.BasicErrorController.errorHtml(javax.servlet.http.HttpServletRequest,javax.servlet.http.HttpServletResponse)
2018-10-20 00:18:13,123 - Mapped URL path [/webjars/**] onto handler of type [class org.springframework.web.servlet.resource.ResourceHttpRequestHandler]
2018-10-20 00:18:13,123 - Mapped URL path [/**] onto handler of type [class org.springframework.web.servlet.resource.ResourceHttpRequestHandler]
2018-10-20 00:18:13,220 - Adding welcome page template: index
2018-10-20 00:18:13,434 - Registering beans for JMX exposure on startup
2018-10-20 00:18:13,435 - Bean with name 'dataSource' has been autodetected for JMX exposure
2018-10-20 00:18:13,441 - Located MBean 'dataSource': registering with JMX server as MBean [com.zaxxer.hikari:name=dataSource,type=HikariDataSource]
2018-10-20 00:18:13,453 - Starting ProtocolHandler ["http-nio-8080"]
2018-10-20 00:18:13,464 - Using a shared selector for servlet write/read
2018-10-20 00:18:13,477 - Tomcat started on port(s): 8080 (http) with context path '/sell'
2018-10-20 00:18:13,480 - Started SellApplication in 5.945 seconds (JVM running for 7.028)
2018-10-20 00:18:26,240 - Initializing Spring FrameworkServlet 'dispatcherServlet'
2018-10-20 00:18:26,241 - FrameworkServlet 'dispatcherServlet': initialization started
2018-10-20 00:18:26,280 - FrameworkServlet 'dispatcherServlet': initialization completed in 39 ms
2018-10-20 00:19:37,599 - Resolved [org.springframework.http.converter.HttpMessageNotWritableException: No converter found for return value of type: class com.mo.VO.ResultVO]
2018-10-20 00:20:13,957 - Starting SellApplication on DESKTOP-5JAVIGT with PID 9384 (D:\Idea_workplace\sell\target\classes started by broccoli in D:\Idea_workplace\sell)
2018-10-20 00:20:14,020 - The following profiles are active: dev
2018-10-20 00:20:14,187 - Refreshing org.springframework.boot.web.servlet.context.AnnotationConfigServletWebServerApplicationContext@1fa121e2: startup date [Sat Oct 20 00:20:14 CST 2018]; root of context hierarchy
2018-10-20 00:20:15,507 - Bean 'org.springframework.transaction.annotation.ProxyTransactionManagementConfiguration' of type [org.springframework.transaction.annotation.ProxyTransactionManagementConfiguration$$EnhancerBySpringCGLIB$$d3876000] is not eligible for getting processed by all BeanPostProcessors (for example: not eligible for auto-proxying)
2018-10-20 00:20:15,946 - Tomcat initialized with port(s): 8080 (http)
2018-10-20 00:20:15,960 - Initializing ProtocolHandler ["http-nio-8080"]
2018-10-20 00:20:15,970 - Starting service [Tomcat]
2018-10-20 00:20:15,971 - Starting Servlet Engine: Apache Tomcat/8.5.34
2018-10-20 00:20:15,975 - The APR based Apache Tomcat Native library which allows optimal performance in production environments was not found on the java.library.path: [C:\Program Files\Java\jdk1.8.0_144\bin;C:\WINDOWS\Sun\Java\bin;C:\WINDOWS\system32;C:\WINDOWS;C:\ProgramData\Oracle\Java\javapath;C:;C:\Program Files\Java\jdk1.8.0_144\bin;C:\Program Files\Java\jdk1.8.0_144\jre\bin;\ProgramData\Oracle\Java\javapath;C:\Windows\system32;C:\Windows;C:\Windows\System32\Wbem;C:\Windows\System32\WindowsPowerShell\v1.0\;C:\Program Files (x86)\NVIDIA Corporation\PhysX\Common;C:\Program Files\Intel\WiFi\bin\;C:\Program Files\Common Files\Intel\WirelessCommon\;E:\MySQL\MySQL Server 5.1\bin;D:\Maven\apache-maven-3.5.2\bin;E:\SoftWare\Git\cmd;C:\WINDOWS\system32;C:\WINDOWS;C:\WINDOWS\System32\Wbem;C:\WINDOWS\System32\WindowsPowerShell\v1.0\;E:\NodeJS\;C:\WINDOWS\System32\OpenSSH\;E:\p\Scripts\;E:\p\;C:\Users\broccoli\AppData\Local\Microsoft\WindowsApps;C:\Users\broccoli\AppData\Roaming\npm;E:\Fiddler;C:\Users\broccoli\AppData\Local\Microsoft\WindowsApps;;.]
2018-10-20 00:20:16,099 - Initializing Spring embedded WebApplicationContext
2018-10-20 00:20:16,100 - Root WebApplicationContext: initialization completed in 1913 ms
2018-10-20 00:20:16,173 - Servlet dispatcherServlet mapped to [/]
2018-10-20 00:20:16,177 - Mapping filter: 'characterEncodingFilter' to: [/*]
2018-10-20 00:20:16,177 - Mapping filter: 'hiddenHttpMethodFilter' to: [/*]
2018-10-20 00:20:16,177 - Mapping filter: 'httpPutFormContentFilter' to: [/*]
2018-10-20 00:20:16,177 - Mapping filter: 'requestContextFilter' to: [/*]
2018-10-20 00:20:16,313 - HikariPool-1 - Starting...
2018-10-20 00:20:16,784 - HikariPool-1 - Start completed.
2018-10-20 00:20:16,820 - Building JPA container EntityManagerFactory for persistence unit 'default'
2018-10-20 00:20:16,835 - HHH000204: Processing PersistenceUnitInfo [
	name: default
	...]
2018-10-20 00:20:17,012 - HHH000412: Hibernate Core {5.2.17.Final}
2018-10-20 00:20:17,013 - HHH000206: hibernate.properties not found
2018-10-20 00:20:17,056 - HCANN000001: Hibernate Commons Annotations {5.0.1.Final}
2018-10-20 00:20:17,170 - HHH000400: Using dialect: org.hibernate.dialect.MySQL5InnoDBDialect
2018-10-20 00:20:17,793 - Initialized JPA EntityManagerFactory for persistence unit 'default'
2018-10-20 00:20:18,188 - Mapped URL path [/**/favicon.ico] onto handler of type [class org.springframework.web.servlet.resource.ResourceHttpRequestHandler]
2018-10-20 00:20:18,457 - Looking for @ControllerAdvice: org.springframework.boot.web.servlet.context.AnnotationConfigServletWebServerApplicationContext@1fa121e2: startup date [Sat Oct 20 00:20:14 CST 2018]; root of context hierarchy
2018-10-20 00:20:18,490 - spring.jpa.open-in-view is enabled by default. Therefore, database queries may be performed during view rendering. Explicitly configure spring.jpa.open-in-view to disable this warning
2018-10-20 00:20:18,522 - Mapped "{[/buyer/product/list],methods=[GET]}" onto public com.mo.VO.ResultVO com.mo.Controller.BuyerProductController.list()
2018-10-20 00:20:18,527 - Mapped "{[/error]}" onto public org.springframework.http.ResponseEntity<java.util.Map<java.lang.String, java.lang.Object>> org.springframework.boot.autoconfigure.web.servlet.error.BasicErrorController.error(javax.servlet.http.HttpServletRequest)
2018-10-20 00:20:18,527 - Mapped "{[/error],produces=[text/html]}" onto public org.springframework.web.servlet.ModelAndView org.springframework.boot.autoconfigure.web.servlet.error.BasicErrorController.errorHtml(javax.servlet.http.HttpServletRequest,javax.servlet.http.HttpServletResponse)
2018-10-20 00:20:18,560 - Mapped URL path [/webjars/**] onto handler of type [class org.springframework.web.servlet.resource.ResourceHttpRequestHandler]
2018-10-20 00:20:18,560 - Mapped URL path [/**] onto handler of type [class org.springframework.web.servlet.resource.ResourceHttpRequestHandler]
2018-10-20 00:20:18,658 - Adding welcome page template: index
2018-10-20 00:20:18,871 - Registering beans for JMX exposure on startup
2018-10-20 00:20:18,872 - Bean with name 'dataSource' has been autodetected for JMX exposure
2018-10-20 00:20:18,879 - Located MBean 'dataSource': registering with JMX server as MBean [com.zaxxer.hikari:name=dataSource,type=HikariDataSource]
2018-10-20 00:20:18,892 - Starting ProtocolHandler ["http-nio-8080"]
2018-10-20 00:20:18,904 - Using a shared selector for servlet write/read
2018-10-20 00:20:18,917 - Tomcat started on port(s): 8080 (http) with context path '/sell'
2018-10-20 00:20:18,919 - Started SellApplication in 5.484 seconds (JVM running for 6.519)
2018-10-20 00:20:23,896 - Initializing Spring FrameworkServlet 'dispatcherServlet'
2018-10-20 00:20:23,896 - FrameworkServlet 'dispatcherServlet': initialization started
2018-10-20 00:20:23,918 - FrameworkServlet 'dispatcherServlet': initialization completed in 22 ms
2018-10-20 22:28:18,316 - Starting SellApplication on DESKTOP-5JAVIGT with PID 11036 (D:\Idea_workplace\sell\target\classes started by broccoli in D:\Idea_workplace\sell)
2018-10-20 22:28:18,388 - The following profiles are active: dev
2018-10-20 22:28:18,686 - Refreshing org.springframework.boot.web.servlet.context.AnnotationConfigServletWebServerApplicationContext@15de0b3c: startup date [Sat Oct 20 22:28:18 CST 2018]; root of context hierarchy
2018-10-20 22:28:22,645 - Bean 'org.springframework.transaction.annotation.ProxyTransactionManagementConfiguration' of type [org.springframework.transaction.annotation.ProxyTransactionManagementConfiguration$$EnhancerBySpringCGLIB$$5976579e] is not eligible for getting processed by all BeanPostProcessors (for example: not eligible for auto-proxying)
2018-10-20 22:28:23,804 - Tomcat initialized with port(s): 8080 (http)
2018-10-20 22:28:23,872 - Initializing ProtocolHandler ["http-nio-8080"]
2018-10-20 22:28:23,908 - Starting service [Tomcat]
2018-10-20 22:28:23,909 - Starting Servlet Engine: Apache Tomcat/8.5.34
2018-10-20 22:28:23,923 - The APR based Apache Tomcat Native library which allows optimal performance in production environments was not found on the java.library.path: [C:\Program Files\Java\jdk1.8.0_144\bin;C:\WINDOWS\Sun\Java\bin;C:\WINDOWS\system32;C:\WINDOWS;C:\ProgramData\Oracle\Java\javapath;C:;C:\Program Files\Java\jdk1.8.0_144\bin;C:\Program Files\Java\jdk1.8.0_144\jre\bin;\ProgramData\Oracle\Java\javapath;C:\Windows\system32;C:\Windows;C:\Windows\System32\Wbem;C:\Windows\System32\WindowsPowerShell\v1.0\;C:\Program Files (x86)\NVIDIA Corporation\PhysX\Common;C:\Program Files\Intel\WiFi\bin\;C:\Program Files\Common Files\Intel\WirelessCommon\;E:\MySQL\MySQL Server 5.1\bin;D:\Maven\apache-maven-3.5.2\bin;E:\SoftWare\Git\cmd;C:\WINDOWS\system32;C:\WINDOWS;C:\WINDOWS\System32\Wbem;C:\WINDOWS\System32\WindowsPowerShell\v1.0\;E:\NodeJS\;C:\WINDOWS\System32\OpenSSH\;E:\p\Scripts\;E:\p\;C:\Users\broccoli\AppData\Local\Microsoft\WindowsApps;C:\Users\broccoli\AppData\Roaming\npm;E:\Fiddler;C:\Users\broccoli\AppData\Local\Microsoft\WindowsApps;;.]
2018-10-20 22:28:24,439 - Initializing Spring embedded WebApplicationContext
2018-10-20 22:28:24,439 - Root WebApplicationContext: initialization completed in 5754 ms
2018-10-20 22:28:24,768 - Servlet dispatcherServlet mapped to [/]
2018-10-20 22:28:24,785 - Mapping filter: 'characterEncodingFilter' to: [/*]
2018-10-20 22:28:24,786 - Mapping filter: 'hiddenHttpMethodFilter' to: [/*]
2018-10-20 22:28:24,786 - Mapping filter: 'httpPutFormContentFilter' to: [/*]
2018-10-20 22:28:24,786 - Mapping filter: 'requestContextFilter' to: [/*]
2018-10-20 22:28:25,503 - HikariPool-1 - Starting...
2018-10-20 22:28:26,307 - HikariPool-1 - Start completed.
2018-10-20 22:28:26,506 - Building JPA container EntityManagerFactory for persistence unit 'default'
2018-10-20 22:28:26,699 - HHH000204: Processing PersistenceUnitInfo [
	name: default
	...]
2018-10-20 22:28:26,995 - HHH000412: Hibernate Core {5.2.17.Final}
2018-10-20 22:28:27,003 - HHH000206: hibernate.properties not found
2018-10-20 22:28:27,184 - HCANN000001: Hibernate Commons Annotations {5.0.1.Final}
2018-10-20 22:28:27,671 - HHH000400: Using dialect: org.hibernate.dialect.MySQL5InnoDBDialect
2018-10-20 22:28:29,541 - Initialized JPA EntityManagerFactory for persistence unit 'default'
2018-10-20 22:28:31,067 - Mapped URL path [/**/favicon.ico] onto handler of type [class org.springframework.web.servlet.resource.ResourceHttpRequestHandler]
2018-10-20 22:28:32,104 - Looking for @ControllerAdvice: org.springframework.boot.web.servlet.context.AnnotationConfigServletWebServerApplicationContext@15de0b3c: startup date [Sat Oct 20 22:28:18 CST 2018]; root of context hierarchy
2018-10-20 22:28:32,191 - spring.jpa.open-in-view is enabled by default. Therefore, database queries may be performed during view rendering. Explicitly configure spring.jpa.open-in-view to disable this warning
2018-10-20 22:28:32,346 - Mapped "{[/buyer/product/list],methods=[GET]}" onto public com.mo.VO.ResultVO com.mo.Controller.BuyerProductController.list()
2018-10-20 22:28:32,360 - Mapped "{[/error]}" onto public org.springframework.http.ResponseEntity<java.util.Map<java.lang.String, java.lang.Object>> org.springframework.boot.autoconfigure.web.servlet.error.BasicErrorController.error(javax.servlet.http.HttpServletRequest)
2018-10-20 22:28:32,362 - Mapped "{[/error],produces=[text/html]}" onto public org.springframework.web.servlet.ModelAndView org.springframework.boot.autoconfigure.web.servlet.error.BasicErrorController.errorHtml(javax.servlet.http.HttpServletRequest,javax.servlet.http.HttpServletResponse)
2018-10-20 22:28:32,438 - Mapped URL path [/webjars/**] onto handler of type [class org.springframework.web.servlet.resource.ResourceHttpRequestHandler]
2018-10-20 22:28:32,439 - Mapped URL path [/**] onto handler of type [class org.springframework.web.servlet.resource.ResourceHttpRequestHandler]
2018-10-20 22:28:32,825 - Adding welcome page template: index
2018-10-20 22:28:33,411 - Registering beans for JMX exposure on startup
2018-10-20 22:28:33,413 - Bean with name 'dataSource' has been autodetected for JMX exposure
2018-10-20 22:28:33,423 - Located MBean 'dataSource': registering with JMX server as MBean [com.zaxxer.hikari:name=dataSource,type=HikariDataSource]
2018-10-20 22:28:33,459 - Starting ProtocolHandler ["http-nio-8080"]
2018-10-20 22:28:33,478 - Using a shared selector for servlet write/read
2018-10-20 22:28:33,513 - Tomcat started on port(s): 8080 (http) with context path '/sell'
2018-10-20 22:28:33,534 - Started SellApplication in 18.979 seconds (JVM running for 24.297)
2018-10-20 22:30:29,348 - Initializing Spring FrameworkServlet 'dispatcherServlet'
2018-10-20 22:30:29,348 - FrameworkServlet 'dispatcherServlet': initialization started
2018-10-20 22:30:29,442 - FrameworkServlet 'dispatcherServlet': initialization completed in 90 ms
2018-10-20 22:34:09,370 - Starting SellApplication on DESKTOP-5JAVIGT with PID 5144 (D:\Idea_workplace\sell\target\classes started by broccoli in D:\Idea_workplace\sell)
2018-10-20 22:34:09,377 - The following profiles are active: dev
2018-10-20 22:34:09,534 - Refreshing org.springframework.boot.web.servlet.context.AnnotationConfigServletWebServerApplicationContext@7eac9008: startup date [Sat Oct 20 22:34:09 CST 2018]; root of context hierarchy
2018-10-20 22:34:12,255 - Bean 'org.springframework.transaction.annotation.ProxyTransactionManagementConfiguration' of type [org.springframework.transaction.annotation.ProxyTransactionManagementConfiguration$$EnhancerBySpringCGLIB$$5976579e] is not eligible for getting processed by all BeanPostProcessors (for example: not eligible for auto-proxying)
2018-10-20 22:34:12,955 - Tomcat initialized with port(s): 8080 (http)
2018-10-20 22:34:12,967 - Initializing ProtocolHandler ["http-nio-8080"]
2018-10-20 22:34:12,977 - Starting service [Tomcat]
2018-10-20 22:34:12,978 - Starting Servlet Engine: Apache Tomcat/8.5.34
2018-10-20 22:34:12,986 - The APR based Apache Tomcat Native library which allows optimal performance in production environments was not found on the java.library.path: [C:\Program Files\Java\jdk1.8.0_144\bin;C:\WINDOWS\Sun\Java\bin;C:\WINDOWS\system32;C:\WINDOWS;C:\ProgramData\Oracle\Java\javapath;C:;C:\Program Files\Java\jdk1.8.0_144\bin;C:\Program Files\Java\jdk1.8.0_144\jre\bin;\ProgramData\Oracle\Java\javapath;C:\Windows\system32;C:\Windows;C:\Windows\System32\Wbem;C:\Windows\System32\WindowsPowerShell\v1.0\;C:\Program Files (x86)\NVIDIA Corporation\PhysX\Common;C:\Program Files\Intel\WiFi\bin\;C:\Program Files\Common Files\Intel\WirelessCommon\;E:\MySQL\MySQL Server 5.1\bin;D:\Maven\apache-maven-3.5.2\bin;E:\SoftWare\Git\cmd;C:\WINDOWS\system32;C:\WINDOWS;C:\WINDOWS\System32\Wbem;C:\WINDOWS\System32\WindowsPowerShell\v1.0\;E:\NodeJS\;C:\WINDOWS\System32\OpenSSH\;E:\p\Scripts\;E:\p\;C:\Users\broccoli\AppData\Local\Microsoft\WindowsApps;C:\Users\broccoli\AppData\Roaming\npm;E:\Fiddler;C:\Users\broccoli\AppData\Local\Microsoft\WindowsApps;;.]
2018-10-20 22:34:13,143 - Initializing Spring embedded WebApplicationContext
2018-10-20 22:34:13,143 - Root WebApplicationContext: initialization completed in 3609 ms
2018-10-20 22:34:13,260 - Servlet dispatcherServlet mapped to [/]
2018-10-20 22:34:13,275 - Mapping filter: 'characterEncodingFilter' to: [/*]
2018-10-20 22:34:13,275 - Mapping filter: 'hiddenHttpMethodFilter' to: [/*]
2018-10-20 22:34:13,276 - Mapping filter: 'httpPutFormContentFilter' to: [/*]
2018-10-20 22:34:13,276 - Mapping filter: 'requestContextFilter' to: [/*]
2018-10-20 22:34:13,460 - HikariPool-1 - Starting...
2018-10-20 22:34:14,124 - HikariPool-1 - Start completed.
2018-10-20 22:34:14,172 - Building JPA container EntityManagerFactory for persistence unit 'default'
2018-10-20 22:34:14,356 - HHH000204: Processing PersistenceUnitInfo [
	name: default
	...]
2018-10-20 22:34:14,449 - HHH000412: Hibernate Core {5.2.17.Final}
2018-10-20 22:34:14,450 - HHH000206: hibernate.properties not found
2018-10-20 22:34:14,507 - HCANN000001: Hibernate Commons Annotations {5.0.1.Final}
2018-10-20 22:34:14,729 - HHH000400: Using dialect: org.hibernate.dialect.MySQL5InnoDBDialect
2018-10-20 22:34:15,800 - Initialized JPA EntityManagerFactory for persistence unit 'default'
2018-10-20 22:34:16,537 - Mapped URL path [/**/favicon.ico] onto handler of type [class org.springframework.web.servlet.resource.ResourceHttpRequestHandler]
2018-10-20 22:34:16,898 - Looking for @ControllerAdvice: org.springframework.boot.web.servlet.context.AnnotationConfigServletWebServerApplicationContext@7eac9008: startup date [Sat Oct 20 22:34:09 CST 2018]; root of context hierarchy
2018-10-20 22:34:16,935 - spring.jpa.open-in-view is enabled by default. Therefore, database queries may be performed during view rendering. Explicitly configure spring.jpa.open-in-view to disable this warning
2018-10-20 22:34:16,979 - Mapped "{[/buyer/product/list],methods=[GET]}" onto public com.mo.VO.ResultVO com.mo.Controller.BuyerProductController.list()
2018-10-20 22:34:16,985 - Mapped "{[/error]}" onto public org.springframework.http.ResponseEntity<java.util.Map<java.lang.String, java.lang.Object>> org.springframework.boot.autoconfigure.web.servlet.error.BasicErrorController.error(javax.servlet.http.HttpServletRequest)
2018-10-20 22:34:16,986 - Mapped "{[/error],produces=[text/html]}" onto public org.springframework.web.servlet.ModelAndView org.springframework.boot.autoconfigure.web.servlet.error.BasicErrorController.errorHtml(javax.servlet.http.HttpServletRequest,javax.servlet.http.HttpServletResponse)
2018-10-20 22:34:17,034 - Mapped URL path [/webjars/**] onto handler of type [class org.springframework.web.servlet.resource.ResourceHttpRequestHandler]
2018-10-20 22:34:17,035 - Mapped URL path [/**] onto handler of type [class org.springframework.web.servlet.resource.ResourceHttpRequestHandler]
2018-10-20 22:34:17,172 - Adding welcome page template: index
2018-10-20 22:34:17,456 - Registering beans for JMX exposure on startup
2018-10-20 22:34:17,462 - Bean with name 'dataSource' has been autodetected for JMX exposure
2018-10-20 22:34:17,470 - Located MBean 'dataSource': registering with JMX server as MBean [com.zaxxer.hikari:name=dataSource,type=HikariDataSource]
2018-10-20 22:34:17,489 - Starting ProtocolHandler ["http-nio-8080"]
2018-10-20 22:34:17,502 - Using a shared selector for servlet write/read
2018-10-20 22:34:17,519 - Tomcat started on port(s): 8080 (http) with context path '/sell'
2018-10-20 22:34:17,522 - Started SellApplication in 8.793 seconds (JVM running for 10.124)
2018-10-20 22:34:34,670 - Initializing Spring FrameworkServlet 'dispatcherServlet'
2018-10-20 22:34:34,671 - FrameworkServlet 'dispatcherServlet': initialization started
2018-10-20 22:34:34,693 - FrameworkServlet 'dispatcherServlet': initialization completed in 22 ms
2018-10-20 22:47:18,132 - Starting SellApplication on DESKTOP-5JAVIGT with PID 4508 (D:\Idea_workplace\sell\target\classes started by broccoli in D:\Idea_workplace\sell)
2018-10-20 22:47:18,145 - The following profiles are active: dev
2018-10-20 22:47:18,185 - Refreshing org.springframework.boot.web.servlet.context.AnnotationConfigServletWebServerApplicationContext@7eac9008: startup date [Sat Oct 20 22:47:18 CST 2018]; root of context hierarchy
2018-10-20 22:47:19,351 - Bean 'org.springframework.transaction.annotation.ProxyTransactionManagementConfiguration' of type [org.springframework.transaction.annotation.ProxyTransactionManagementConfiguration$$EnhancerBySpringCGLIB$$f461acf5] is not eligible for getting processed by all BeanPostProcessors (for example: not eligible for auto-proxying)
2018-10-20 22:47:19,679 - Tomcat initialized with port(s): 8080 (http)
2018-10-20 22:47:19,691 - Initializing ProtocolHandler ["http-nio-8080"]
2018-10-20 22:47:19,700 - Starting service [Tomcat]
2018-10-20 22:47:19,700 - Starting Servlet Engine: Apache Tomcat/8.5.34
2018-10-20 22:47:19,704 - The APR based Apache Tomcat Native library which allows optimal performance in production environments was not found on the java.library.path: [C:\Program Files\Java\jdk1.8.0_144\bin;C:\WINDOWS\Sun\Java\bin;C:\WINDOWS\system32;C:\WINDOWS;C:\ProgramData\Oracle\Java\javapath;C:;C:\Program Files\Java\jdk1.8.0_144\bin;C:\Program Files\Java\jdk1.8.0_144\jre\bin;\ProgramData\Oracle\Java\javapath;C:\Windows\system32;C:\Windows;C:\Windows\System32\Wbem;C:\Windows\System32\WindowsPowerShell\v1.0\;C:\Program Files (x86)\NVIDIA Corporation\PhysX\Common;C:\Program Files\Intel\WiFi\bin\;C:\Program Files\Common Files\Intel\WirelessCommon\;E:\MySQL\MySQL Server 5.1\bin;D:\Maven\apache-maven-3.5.2\bin;E:\SoftWare\Git\cmd;C:\WINDOWS\system32;C:\WINDOWS;C:\WINDOWS\System32\Wbem;C:\WINDOWS\System32\WindowsPowerShell\v1.0\;E:\NodeJS\;C:\WINDOWS\System32\OpenSSH\;E:\p\Scripts\;E:\p\;C:\Users\broccoli\AppData\Local\Microsoft\WindowsApps;C:\Users\broccoli\AppData\Roaming\npm;E:\Fiddler;C:\Users\broccoli\AppData\Local\Microsoft\WindowsApps;;.]
2018-10-20 22:47:19,797 - Initializing Spring embedded WebApplicationContext
2018-10-20 22:47:19,798 - Root WebApplicationContext: initialization completed in 1613 ms
2018-10-20 22:47:19,850 - Servlet dispatcherServlet mapped to [/]
2018-10-20 22:47:19,854 - Mapping filter: 'characterEncodingFilter' to: [/*]
2018-10-20 22:47:19,855 - Mapping filter: 'hiddenHttpMethodFilter' to: [/*]
2018-10-20 22:47:19,855 - Mapping filter: 'httpPutFormContentFilter' to: [/*]
2018-10-20 22:47:19,855 - Mapping filter: 'requestContextFilter' to: [/*]
2018-10-20 22:47:20,002 - HikariPool-1 - Starting...
2018-10-20 22:47:20,466 - HikariPool-1 - Start completed.
2018-10-20 22:47:20,496 - Building JPA container EntityManagerFactory for persistence unit 'default'
2018-10-20 22:47:20,507 - HHH000204: Processing PersistenceUnitInfo [
	name: default
	...]
2018-10-20 22:47:20,638 - HHH000412: Hibernate Core {5.2.17.Final}
2018-10-20 22:47:20,639 - HHH000206: hibernate.properties not found
2018-10-20 22:47:20,676 - HCANN000001: Hibernate Commons Annotations {5.0.1.Final}
2018-10-20 22:47:20,774 - HHH000400: Using dialect: org.hibernate.dialect.MySQL5InnoDBDialect
2018-10-20 22:47:21,333 - Initialized JPA EntityManagerFactory for persistence unit 'default'
2018-10-20 22:47:21,664 - Mapped URL path [/**/favicon.ico] onto handler of type [class org.springframework.web.servlet.resource.ResourceHttpRequestHandler]
2018-10-20 22:47:21,877 - Looking for @ControllerAdvice: org.springframework.boot.web.servlet.context.AnnotationConfigServletWebServerApplicationContext@7eac9008: startup date [Sat Oct 20 22:47:18 CST 2018]; root of context hierarchy
2018-10-20 22:47:21,905 - spring.jpa.open-in-view is enabled by default. Therefore, database queries may be performed during view rendering. Explicitly configure spring.jpa.open-in-view to disable this warning
2018-10-20 22:47:21,934 - Mapped "{[/buyer/product/list],methods=[GET]}" onto public com.mo.VO.ResultVO com.mo.Controller.BuyerProductController.list()
2018-10-20 22:47:21,939 - Mapped "{[/error]}" onto public org.springframework.http.ResponseEntity<java.util.Map<java.lang.String, java.lang.Object>> org.springframework.boot.autoconfigure.web.servlet.error.BasicErrorController.error(javax.servlet.http.HttpServletRequest)
2018-10-20 22:47:21,939 - Mapped "{[/error],produces=[text/html]}" onto public org.springframework.web.servlet.ModelAndView org.springframework.boot.autoconfigure.web.servlet.error.BasicErrorController.errorHtml(javax.servlet.http.HttpServletRequest,javax.servlet.http.HttpServletResponse)
2018-10-20 22:47:21,966 - Mapped URL path [/webjars/**] onto handler of type [class org.springframework.web.servlet.resource.ResourceHttpRequestHandler]
2018-10-20 22:47:21,966 - Mapped URL path [/**] onto handler of type [class org.springframework.web.servlet.resource.ResourceHttpRequestHandler]
2018-10-20 22:47:22,056 - Adding welcome page template: index
2018-10-20 22:47:22,270 - Registering beans for JMX exposure on startup
2018-10-20 22:47:22,271 - Bean with name 'dataSource' has been autodetected for JMX exposure
2018-10-20 22:47:22,275 - Located MBean 'dataSource': registering with JMX server as MBean [com.zaxxer.hikari:name=dataSource,type=HikariDataSource]
2018-10-20 22:47:22,286 - Starting ProtocolHandler ["http-nio-8080"]
2018-10-20 22:47:22,295 - Using a shared selector for servlet write/read
2018-10-20 22:47:22,307 - Tomcat started on port(s): 8080 (http) with context path '/sell'
2018-10-20 22:47:22,310 - Started SellApplication in 4.703 seconds (JVM running for 5.488)
2018-10-20 22:47:28,377 - Initializing Spring FrameworkServlet 'dispatcherServlet'
2018-10-20 22:47:28,378 - FrameworkServlet 'dispatcherServlet': initialization started
2018-10-20 22:47:28,395 - FrameworkServlet 'dispatcherServlet': initialization completed in 17 ms
2018-10-20 22:49:09,997 - Starting SellApplication on DESKTOP-5JAVIGT with PID 11564 (D:\Idea_workplace\sell\target\classes started by broccoli in D:\Idea_workplace\sell)
2018-10-20 22:49:10,001 - The following profiles are active: dev
2018-10-20 22:49:10,096 - Refreshing org.springframework.boot.web.servlet.context.AnnotationConfigServletWebServerApplicationContext@1fa121e2: startup date [Sat Oct 20 22:49:10 CST 2018]; root of context hierarchy
2018-10-20 22:49:11,564 - Bean 'org.springframework.transaction.annotation.ProxyTransactionManagementConfiguration' of type [org.springframework.transaction.annotation.ProxyTransactionManagementConfiguration$$EnhancerBySpringCGLIB$$59017baf] is not eligible for getting processed by all BeanPostProcessors (for example: not eligible for auto-proxying)
2018-10-20 22:49:11,986 - Tomcat initialized with port(s): 8080 (http)
2018-10-20 22:49:12,001 - Initializing ProtocolHandler ["http-nio-8080"]
2018-10-20 22:49:12,013 - Starting service [Tomcat]
2018-10-20 22:49:12,013 - Starting Servlet Engine: Apache Tomcat/8.5.34
2018-10-20 22:49:12,017 - The APR based Apache Tomcat Native library which allows optimal performance in production environments was not found on the java.library.path: [C:\Program Files\Java\jdk1.8.0_144\bin;C:\WINDOWS\Sun\Java\bin;C:\WINDOWS\system32;C:\WINDOWS;C:\ProgramData\Oracle\Java\javapath;C:;C:\Program Files\Java\jdk1.8.0_144\bin;C:\Program Files\Java\jdk1.8.0_144\jre\bin;\ProgramData\Oracle\Java\javapath;C:\Windows\system32;C:\Windows;C:\Windows\System32\Wbem;C:\Windows\System32\WindowsPowerShell\v1.0\;C:\Program Files (x86)\NVIDIA Corporation\PhysX\Common;C:\Program Files\Intel\WiFi\bin\;C:\Program Files\Common Files\Intel\WirelessCommon\;E:\MySQL\MySQL Server 5.1\bin;D:\Maven\apache-maven-3.5.2\bin;E:\SoftWare\Git\cmd;C:\WINDOWS\system32;C:\WINDOWS;C:\WINDOWS\System32\Wbem;C:\WINDOWS\System32\WindowsPowerShell\v1.0\;E:\NodeJS\;C:\WINDOWS\System32\OpenSSH\;E:\p\Scripts\;E:\p\;C:\Users\broccoli\AppData\Local\Microsoft\WindowsApps;C:\Users\broccoli\AppData\Roaming\npm;E:\Fiddler;C:\Users\broccoli\AppData\Local\Microsoft\WindowsApps;;.]
2018-10-20 22:49:12,154 - Initializing Spring embedded WebApplicationContext
2018-10-20 22:49:12,155 - Root WebApplicationContext: initialization completed in 2059 ms
2018-10-20 22:49:12,273 - Servlet dispatcherServlet mapped to [/]
2018-10-20 22:49:12,277 - Mapping filter: 'characterEncodingFilter' to: [/*]
2018-10-20 22:49:12,278 - Mapping filter: 'hiddenHttpMethodFilter' to: [/*]
2018-10-20 22:49:12,278 - Mapping filter: 'httpPutFormContentFilter' to: [/*]
2018-10-20 22:49:12,278 - Mapping filter: 'requestContextFilter' to: [/*]
2018-10-20 22:49:12,402 - HikariPool-1 - Starting...
2018-10-20 22:49:12,879 - HikariPool-1 - Start completed.
2018-10-20 22:49:12,912 - Building JPA container EntityManagerFactory for persistence unit 'default'
2018-10-20 22:49:13,017 - HHH000204: Processing PersistenceUnitInfo [
	name: default
	...]
2018-10-20 22:49:13,097 - HHH000412: Hibernate Core {5.2.17.Final}
2018-10-20 22:49:13,098 - HHH000206: hibernate.properties not found
2018-10-20 22:49:13,143 - HCANN000001: Hibernate Commons Annotations {5.0.1.Final}
2018-10-20 22:49:13,415 - HHH000400: Using dialect: org.hibernate.dialect.MySQL5InnoDBDialect
2018-10-20 22:49:14,274 - Initialized JPA EntityManagerFactory for persistence unit 'default'
2018-10-20 22:49:14,757 - Mapped URL path [/**/favicon.ico] onto handler of type [class org.springframework.web.servlet.resource.ResourceHttpRequestHandler]
2018-10-20 22:49:15,067 - Looking for @ControllerAdvice: org.springframework.boot.web.servlet.context.AnnotationConfigServletWebServerApplicationContext@1fa121e2: startup date [Sat Oct 20 22:49:10 CST 2018]; root of context hierarchy
2018-10-20 22:49:15,100 - spring.jpa.open-in-view is enabled by default. Therefore, database queries may be performed during view rendering. Explicitly configure spring.jpa.open-in-view to disable this warning
2018-10-20 22:49:15,131 - Mapped "{[/buyer/product/list],methods=[GET]}" onto public com.mo.VO.ResultVO com.mo.Controller.BuyerProductController.list()
2018-10-20 22:49:15,136 - Mapped "{[/error]}" onto public org.springframework.http.ResponseEntity<java.util.Map<java.lang.String, java.lang.Object>> org.springframework.boot.autoconfigure.web.servlet.error.BasicErrorController.error(javax.servlet.http.HttpServletRequest)
2018-10-20 22:49:15,137 - Mapped "{[/error],produces=[text/html]}" onto public org.springframework.web.servlet.ModelAndView org.springframework.boot.autoconfigure.web.servlet.error.BasicErrorController.errorHtml(javax.servlet.http.HttpServletRequest,javax.servlet.http.HttpServletResponse)
2018-10-20 22:49:15,164 - Mapped URL path [/webjars/**] onto handler of type [class org.springframework.web.servlet.resource.ResourceHttpRequestHandler]
2018-10-20 22:49:15,165 - Mapped URL path [/**] onto handler of type [class org.springframework.web.servlet.resource.ResourceHttpRequestHandler]
2018-10-20 22:49:15,261 - Adding welcome page template: index
2018-10-20 22:49:15,501 - Registering beans for JMX exposure on startup
2018-10-20 22:49:15,503 - Bean with name 'dataSource' has been autodetected for JMX exposure
2018-10-20 22:49:15,509 - Located MBean 'dataSource': registering with JMX server as MBean [com.zaxxer.hikari:name=dataSource,type=HikariDataSource]
2018-10-20 22:49:15,536 - Starting ProtocolHandler ["http-nio-8080"]
2018-10-20 22:49:15,550 - Using a shared selector for servlet write/read
2018-10-20 22:49:15,577 - Tomcat started on port(s): 8080 (http) with context path '/sell'
2018-10-20 22:49:15,581 - Started SellApplication in 6.283 seconds (JVM running for 7.709)
2018-10-20 22:49:15,924 - Initializing Spring FrameworkServlet 'dispatcherServlet'
2018-10-20 22:49:15,925 - FrameworkServlet 'dispatcherServlet': initialization started
2018-10-20 22:49:15,946 - FrameworkServlet 'dispatcherServlet': initialization completed in 21 ms
