2018-10-17 15:42:05,098 - Starting CCCCTest on DESKTOP-5JAVIGT with PID 16144 (started by broccoli in D:\Idea_workplace\sell)
2018-10-17 15:42:05,100 - No active profile set, falling back to default profiles: default
2018-10-17 15:42:05,147 - Refreshing org.springframework.web.context.support.GenericWebApplicationContext@4a07d605: startup date [Wed Oct 17 15:42:05 CST 2018]; root of context hierarchy
2018-10-17 15:42:07,014 - Mapped URL path [/**/favicon.ico] onto handler of type [class org.springframework.web.servlet.resource.ResourceHttpRequestHandler]
2018-10-17 15:42:07,241 - Looking for @ControllerAdvice: org.springframework.web.context.support.GenericWebApplicationContext@4a07d605: startup date [Wed Oct 17 15:42:05 CST 2018]; root of context hierarchy
2018-10-17 15:42:07,412 - Mapped "{[/error]}" onto public org.springframework.http.ResponseEntity<java.util.Map<java.lang.String, java.lang.Object>> org.springframework.boot.autoconfigure.web.servlet.error.BasicErrorController.error(javax.servlet.http.HttpServletRequest)
2018-10-17 15:42:07,415 - Mapped "{[/error],produces=[text/html]}" onto public org.springframework.web.servlet.ModelAndView org.springframework.boot.autoconfigure.web.servlet.error.BasicErrorController.errorHtml(javax.servlet.http.HttpServletRequest,javax.servlet.http.HttpServletResponse)
2018-10-17 15:42:07,466 - Mapped URL path [/webjars/**] onto handler of type [class org.springframework.web.servlet.resource.ResourceHttpRequestHandler]
2018-10-17 15:42:07,467 - Mapped URL path [/**] onto handler of type [class org.springframework.web.servlet.resource.ResourceHttpRequestHandler]
2018-10-17 15:42:07,632 - Adding welcome page template: index
2018-10-17 15:42:08,106 - Started CCCCTest in 3.636 seconds (JVM running for 4.645)
2018-10-17 15:42:08,206 - info44...
2018-10-17 15:42:08,206 - warn44...
2018-10-17 15:42:08,211 - Closing org.springframework.web.context.support.GenericWebApplicationContext@4a07d605: startup date [Wed Oct 17 15:42:05 CST 2018]; root of context hierarchy
2018-10-17 16:14:58,696 - Starting ProductCategoryDaoTest on DESKTOP-5JAVIGT with PID 7524 (started by broccoli in D:\Idea_workplace\sell)
2018-10-17 16:14:58,697 - The following profiles are active: dev
2018-10-17 16:14:58,760 - Refreshing org.springframework.web.context.support.GenericWebApplicationContext@53b7f657: startup date [Wed Oct 17 16:14:58 CST 2018]; root of context hierarchy
2018-10-17 16:15:00,696 - Bean 'org.springframework.transaction.annotation.ProxyTransactionManagementConfiguration' of type [org.springframework.transaction.annotation.ProxyTransactionManagementConfiguration$$EnhancerBySpringCGLIB$$c4bdbf03] is not eligible for getting processed by all BeanPostProcessors (for example: not eligible for auto-proxying)
2018-10-17 16:15:01,272 - HikariPool-1 - Starting...
2018-10-17 16:15:02,079 - HikariPool-1 - Start completed.
2018-10-17 16:15:02,278 - Building JPA container EntityManagerFactory for persistence unit 'default'
2018-10-17 16:15:02,350 - HHH000204: Processing PersistenceUnitInfo [
	name: default
	...]
2018-10-17 16:15:02,668 - HHH000412: Hibernate Core {5.2.17.Final}
2018-10-17 16:15:02,676 - HHH000206: hibernate.properties not found
2018-10-17 16:15:02,929 - HCANN000001: Hibernate Commons Annotations {5.0.1.Final}
2018-10-17 16:15:03,311 - HHH000400: Using dialect: org.hibernate.dialect.MySQL5Dialect
2018-10-17 16:15:04,721 - Initialized JPA EntityManagerFactory for persistence unit 'default'
2018-10-17 16:15:05,033 - Mapped URL path [/**/favicon.ico] onto handler of type [class org.springframework.web.servlet.resource.ResourceHttpRequestHandler]
2018-10-17 16:15:06,038 - Looking for @ControllerAdvice: org.springframework.web.context.support.GenericWebApplicationContext@53b7f657: startup date [Wed Oct 17 16:14:58 CST 2018]; root of context hierarchy
2018-10-17 16:15:06,078 - spring.jpa.open-in-view is enabled by default. Therefore, database queries may be performed during view rendering. Explicitly configure spring.jpa.open-in-view to disable this warning
2018-10-17 16:15:06,114 - Mapped "{[/error]}" onto public org.springframework.http.ResponseEntity<java.util.Map<java.lang.String, java.lang.Object>> org.springframework.boot.autoconfigure.web.servlet.error.BasicErrorController.error(javax.servlet.http.HttpServletRequest)
2018-10-17 16:15:06,116 - Mapped "{[/error],produces=[text/html]}" onto public org.springframework.web.servlet.ModelAndView org.springframework.boot.autoconfigure.web.servlet.error.BasicErrorController.errorHtml(javax.servlet.http.HttpServletRequest,javax.servlet.http.HttpServletResponse)
2018-10-17 16:15:06,144 - Mapped URL path [/webjars/**] onto handler of type [class org.springframework.web.servlet.resource.ResourceHttpRequestHandler]
2018-10-17 16:15:06,144 - Mapped URL path [/**] onto handler of type [class org.springframework.web.servlet.resource.ResourceHttpRequestHandler]
2018-10-17 16:15:06,277 - Adding welcome page template: index
2018-10-17 16:15:06,555 - Started ProductCategoryDaoTest in 8.76 seconds (JVM running for 10.1)
2018-10-17 16:15:06,957 - Closing org.springframework.web.context.support.GenericWebApplicationContext@53b7f657: startup date [Wed Oct 17 16:14:58 CST 2018]; root of context hierarchy
2018-10-17 16:15:06,963 - Closing JPA EntityManagerFactory for persistence unit 'default'
2018-10-17 16:15:06,964 - HikariPool-1 - Shutdown initiated...
2018-10-17 16:15:06,995 - HikariPool-1 - Shutdown completed.
2018-10-17 16:16:38,982 - Starting ProductCategoryDaoTest on DESKTOP-5JAVIGT with PID 8220 (started by broccoli in D:\Idea_workplace\sell)
2018-10-17 16:16:38,983 - The following profiles are active: dev
2018-10-17 16:16:39,065 - Refreshing org.springframework.web.context.support.GenericWebApplicationContext@5a37d3ed: startup date [Wed Oct 17 16:16:39 CST 2018]; root of context hierarchy
2018-10-17 16:16:42,096 - Bean 'org.springframework.transaction.annotation.ProxyTransactionManagementConfiguration' of type [org.springframework.transaction.annotation.ProxyTransactionManagementConfiguration$$EnhancerBySpringCGLIB$$27712977] is not eligible for getting processed by all BeanPostProcessors (for example: not eligible for auto-proxying)
2018-10-17 16:16:42,417 - HikariPool-1 - Starting...
2018-10-17 16:16:43,003 - HikariPool-1 - Start completed.
2018-10-17 16:16:43,162 - Building JPA container EntityManagerFactory for persistence unit 'default'
2018-10-17 16:16:43,181 - HHH000204: Processing PersistenceUnitInfo [
	name: default
	...]
2018-10-17 16:16:43,396 - HHH000412: Hibernate Core {5.2.17.Final}
2018-10-17 16:16:43,398 - HHH000206: hibernate.properties not found
2018-10-17 16:16:43,457 - HCANN000001: Hibernate Commons Annotations {5.0.1.Final}
2018-10-17 16:16:43,617 - HHH000400: Using dialect: org.hibernate.dialect.MySQL5Dialect
2018-10-17 16:16:44,390 - Initialized JPA EntityManagerFactory for persistence unit 'default'
2018-10-17 16:16:44,920 - Mapped URL path [/**/favicon.ico] onto handler of type [class org.springframework.web.servlet.resource.ResourceHttpRequestHandler]
2018-10-17 16:16:45,657 - Looking for @ControllerAdvice: org.springframework.web.context.support.GenericWebApplicationContext@5a37d3ed: startup date [Wed Oct 17 16:16:39 CST 2018]; root of context hierarchy
2018-10-17 16:16:45,720 - spring.jpa.open-in-view is enabled by default. Therefore, database queries may be performed during view rendering. Explicitly configure spring.jpa.open-in-view to disable this warning
2018-10-17 16:16:45,765 - Mapped "{[/error]}" onto public org.springframework.http.ResponseEntity<java.util.Map<java.lang.String, java.lang.Object>> org.springframework.boot.autoconfigure.web.servlet.error.BasicErrorController.error(javax.servlet.http.HttpServletRequest)
2018-10-17 16:16:45,766 - Mapped "{[/error],produces=[text/html]}" onto public org.springframework.web.servlet.ModelAndView org.springframework.boot.autoconfigure.web.servlet.error.BasicErrorController.errorHtml(javax.servlet.http.HttpServletRequest,javax.servlet.http.HttpServletResponse)
2018-10-17 16:16:45,802 - Mapped URL path [/webjars/**] onto handler of type [class org.springframework.web.servlet.resource.ResourceHttpRequestHandler]
2018-10-17 16:16:45,806 - Mapped URL path [/**] onto handler of type [class org.springframework.web.servlet.resource.ResourceHttpRequestHandler]
2018-10-17 16:16:45,999 - Adding welcome page template: index
2018-10-17 16:16:46,258 - Started ProductCategoryDaoTest in 8.455 seconds (JVM running for 10.391)
2018-10-17 16:16:46,754 - Closing org.springframework.web.context.support.GenericWebApplicationContext@5a37d3ed: startup date [Wed Oct 17 16:16:39 CST 2018]; root of context hierarchy
2018-10-17 16:16:46,764 - Closing JPA EntityManagerFactory for persistence unit 'default'
2018-10-17 16:16:46,765 - HikariPool-1 - Shutdown initiated...
2018-10-17 16:16:46,776 - HikariPool-1 - Shutdown completed.
2018-10-17 16:18:18,263 - Starting ProductCategoryDaoTest on DESKTOP-5JAVIGT with PID 944 (started by broccoli in D:\Idea_workplace\sell)
2018-10-17 16:18:18,264 - The following profiles are active: dev
2018-10-17 16:18:18,317 - Refreshing org.springframework.web.context.support.GenericWebApplicationContext@26df6e3a: startup date [Wed Oct 17 16:18:18 CST 2018]; root of context hierarchy
2018-10-17 16:18:21,504 - Bean 'org.springframework.transaction.annotation.ProxyTransactionManagementConfiguration' of type [org.springframework.transaction.annotation.ProxyTransactionManagementConfiguration$$EnhancerBySpringCGLIB$$96fcd7fc] is not eligible for getting processed by all BeanPostProcessors (for example: not eligible for auto-proxying)
2018-10-17 16:18:21,824 - HikariPool-1 - Starting...
2018-10-17 16:18:22,518 - HikariPool-1 - Start completed.
2018-10-17 16:18:22,573 - Building JPA container EntityManagerFactory for persistence unit 'default'
2018-10-17 16:18:22,593 - HHH000204: Processing PersistenceUnitInfo [
	name: default
	...]
2018-10-17 16:18:22,690 - HHH000412: Hibernate Core {5.2.17.Final}
2018-10-17 16:18:22,692 - HHH000206: hibernate.properties not found
2018-10-17 16:18:22,743 - HCANN000001: Hibernate Commons Annotations {5.0.1.Final}
2018-10-17 16:18:22,924 - HHH000400: Using dialect: org.hibernate.dialect.MySQL5Dialect
2018-10-17 16:18:23,820 - Initialized JPA EntityManagerFactory for persistence unit 'default'
2018-10-17 16:18:24,332 - Mapped URL path [/**/favicon.ico] onto handler of type [class org.springframework.web.servlet.resource.ResourceHttpRequestHandler]
2018-10-17 16:18:25,398 - Looking for @ControllerAdvice: org.springframework.web.context.support.GenericWebApplicationContext@26df6e3a: startup date [Wed Oct 17 16:18:18 CST 2018]; root of context hierarchy
2018-10-17 16:18:25,469 - spring.jpa.open-in-view is enabled by default. Therefore, database queries may be performed during view rendering. Explicitly configure spring.jpa.open-in-view to disable this warning
2018-10-17 16:18:25,518 - Mapped "{[/error]}" onto public org.springframework.http.ResponseEntity<java.util.Map<java.lang.String, java.lang.Object>> org.springframework.boot.autoconfigure.web.servlet.error.BasicErrorController.error(javax.servlet.http.HttpServletRequest)
2018-10-17 16:18:25,520 - Mapped "{[/error],produces=[text/html]}" onto public org.springframework.web.servlet.ModelAndView org.springframework.boot.autoconfigure.web.servlet.error.BasicErrorController.errorHtml(javax.servlet.http.HttpServletRequest,javax.servlet.http.HttpServletResponse)
2018-10-17 16:18:25,564 - Mapped URL path [/webjars/**] onto handler of type [class org.springframework.web.servlet.resource.ResourceHttpRequestHandler]
2018-10-17 16:18:25,564 - Mapped URL path [/**] onto handler of type [class org.springframework.web.servlet.resource.ResourceHttpRequestHandler]
2018-10-17 16:18:25,762 - Adding welcome page template: index
2018-10-17 16:18:26,104 - Started ProductCategoryDaoTest in 8.722 seconds (JVM running for 9.948)
2018-10-17 16:18:26,516 - SQL Error: 1146, SQLState: 42S02
2018-10-17 16:18:26,618 - Closing org.springframework.web.context.support.GenericWebApplicationContext@26df6e3a: startup date [Wed Oct 17 16:18:18 CST 2018]; root of context hierarchy
2018-10-17 16:18:26,629 - Closing JPA EntityManagerFactory for persistence unit 'default'
2018-10-17 16:18:26,630 - HikariPool-1 - Shutdown initiated...
2018-10-17 16:18:26,681 - HikariPool-1 - Shutdown completed.
2018-10-17 16:24:22,556 - Starting ProductCategoryRepositoryTest on DESKTOP-5JAVIGT with PID 14940 (started by broccoli in D:\Idea_workplace\sell)
2018-10-17 16:24:22,556 - The following profiles are active: dev
2018-10-17 16:24:22,634 - Refreshing org.springframework.web.context.support.GenericWebApplicationContext@52e7a6b2: startup date [Wed Oct 17 16:24:22 CST 2018]; root of context hierarchy
2018-10-17 16:24:24,513 - Bean 'org.springframework.transaction.annotation.ProxyTransactionManagementConfiguration' of type [org.springframework.transaction.annotation.ProxyTransactionManagementConfiguration$$EnhancerBySpringCGLIB$$ccd05162] is not eligible for getting processed by all BeanPostProcessors (for example: not eligible for auto-proxying)
2018-10-17 16:24:24,779 - HikariPool-1 - Starting...
2018-10-17 16:24:25,338 - HikariPool-1 - Start completed.
2018-10-17 16:24:25,457 - Building JPA container EntityManagerFactory for persistence unit 'default'
2018-10-17 16:24:25,475 - HHH000204: Processing PersistenceUnitInfo [
	name: default
	...]
2018-10-17 16:24:25,564 - HHH000412: Hibernate Core {5.2.17.Final}
2018-10-17 16:24:25,565 - HHH000206: hibernate.properties not found
2018-10-17 16:24:25,616 - HCANN000001: Hibernate Commons Annotations {5.0.1.Final}
2018-10-17 16:24:25,769 - HHH000400: Using dialect: org.hibernate.dialect.MySQL5InnoDBDialect
2018-10-17 16:24:27,003 - Initialized JPA EntityManagerFactory for persistence unit 'default'
2018-10-17 16:24:27,331 - Mapped URL path [/**/favicon.ico] onto handler of type [class org.springframework.web.servlet.resource.ResourceHttpRequestHandler]
2018-10-17 16:24:28,008 - Looking for @ControllerAdvice: org.springframework.web.context.support.GenericWebApplicationContext@52e7a6b2: startup date [Wed Oct 17 16:24:22 CST 2018]; root of context hierarchy
2018-10-17 16:24:28,063 - spring.jpa.open-in-view is enabled by default. Therefore, database queries may be performed during view rendering. Explicitly configure spring.jpa.open-in-view to disable this warning
2018-10-17 16:24:28,115 - Mapped "{[/error]}" onto public org.springframework.http.ResponseEntity<java.util.Map<java.lang.String, java.lang.Object>> org.springframework.boot.autoconfigure.web.servlet.error.BasicErrorController.error(javax.servlet.http.HttpServletRequest)
2018-10-17 16:24:28,117 - Mapped "{[/error],produces=[text/html]}" onto public org.springframework.web.servlet.ModelAndView org.springframework.boot.autoconfigure.web.servlet.error.BasicErrorController.errorHtml(javax.servlet.http.HttpServletRequest,javax.servlet.http.HttpServletResponse)
2018-10-17 16:24:28,149 - Mapped URL path [/webjars/**] onto handler of type [class org.springframework.web.servlet.resource.ResourceHttpRequestHandler]
2018-10-17 16:24:28,149 - Mapped URL path [/**] onto handler of type [class org.springframework.web.servlet.resource.ResourceHttpRequestHandler]
2018-10-17 16:24:28,323 - Adding welcome page template: index
2018-10-17 16:24:28,527 - Started ProductCategoryRepositoryTest in 7.046 seconds (JVM running for 8.45)
2018-10-17 16:24:28,981 - SQL Error: 1062, SQLState: 23000
2018-10-17 16:24:29,052 - Closing org.springframework.web.context.support.GenericWebApplicationContext@52e7a6b2: startup date [Wed Oct 17 16:24:22 CST 2018]; root of context hierarchy
2018-10-17 16:24:29,057 - Closing JPA EntityManagerFactory for persistence unit 'default'
2018-10-17 16:24:29,057 - HikariPool-1 - Shutdown initiated...
2018-10-17 16:24:29,066 - HikariPool-1 - Shutdown completed.
2018-10-17 16:26:32,268 - Starting ProductCategoryRepositoryTest on DESKTOP-5JAVIGT with PID 14776 (started by broccoli in D:\Idea_workplace\sell)
2018-10-17 16:26:32,291 - The following profiles are active: dev
2018-10-17 16:26:32,367 - Refreshing org.springframework.web.context.support.GenericWebApplicationContext@2d9caaeb: startup date [Wed Oct 17 16:26:32 CST 2018]; root of context hierarchy
2018-10-17 16:26:34,558 - Bean 'org.springframework.transaction.annotation.ProxyTransactionManagementConfiguration' of type [org.springframework.transaction.annotation.ProxyTransactionManagementConfiguration$$EnhancerBySpringCGLIB$$85fc9ce4] is not eligible for getting processed by all BeanPostProcessors (for example: not eligible for auto-proxying)
2018-10-17 16:26:34,801 - HikariPool-1 - Starting...
2018-10-17 16:26:35,388 - HikariPool-1 - Start completed.
2018-10-17 16:26:35,508 - Building JPA container EntityManagerFactory for persistence unit 'default'
2018-10-17 16:26:35,526 - HHH000204: Processing PersistenceUnitInfo [
	name: default
	...]
2018-10-17 16:26:35,612 - HHH000412: Hibernate Core {5.2.17.Final}
2018-10-17 16:26:35,613 - HHH000206: hibernate.properties not found
2018-10-17 16:26:35,673 - HCANN000001: Hibernate Commons Annotations {5.0.1.Final}
2018-10-17 16:26:35,806 - HHH000400: Using dialect: org.hibernate.dialect.MySQL5InnoDBDialect
2018-10-17 16:26:37,051 - Initialized JPA EntityManagerFactory for persistence unit 'default'
2018-10-17 16:26:37,428 - Mapped URL path [/**/favicon.ico] onto handler of type [class org.springframework.web.servlet.resource.ResourceHttpRequestHandler]
2018-10-17 16:26:38,053 - Looking for @ControllerAdvice: org.springframework.web.context.support.GenericWebApplicationContext@2d9caaeb: startup date [Wed Oct 17 16:26:32 CST 2018]; root of context hierarchy
2018-10-17 16:26:38,101 - spring.jpa.open-in-view is enabled by default. Therefore, database queries may be performed during view rendering. Explicitly configure spring.jpa.open-in-view to disable this warning
2018-10-17 16:26:38,148 - Mapped "{[/error]}" onto public org.springframework.http.ResponseEntity<java.util.Map<java.lang.String, java.lang.Object>> org.springframework.boot.autoconfigure.web.servlet.error.BasicErrorController.error(javax.servlet.http.HttpServletRequest)
2018-10-17 16:26:38,150 - Mapped "{[/error],produces=[text/html]}" onto public org.springframework.web.servlet.ModelAndView org.springframework.boot.autoconfigure.web.servlet.error.BasicErrorController.errorHtml(javax.servlet.http.HttpServletRequest,javax.servlet.http.HttpServletResponse)
2018-10-17 16:26:38,193 - Mapped URL path [/webjars/**] onto handler of type [class org.springframework.web.servlet.resource.ResourceHttpRequestHandler]
2018-10-17 16:26:38,193 - Mapped URL path [/**] onto handler of type [class org.springframework.web.servlet.resource.ResourceHttpRequestHandler]
2018-10-17 16:26:38,341 - Adding welcome page template: index
2018-10-17 16:26:38,582 - Started ProductCategoryRepositoryTest in 7.152 seconds (JVM running for 8.749)
2018-10-17 16:26:39,095 - Closing org.springframework.web.context.support.GenericWebApplicationContext@2d9caaeb: startup date [Wed Oct 17 16:26:32 CST 2018]; root of context hierarchy
2018-10-17 16:26:39,100 - Closing JPA EntityManagerFactory for persistence unit 'default'
2018-10-17 16:26:39,102 - HikariPool-1 - Shutdown initiated...
2018-10-17 16:26:39,114 - HikariPool-1 - Shutdown completed.
2018-10-17 16:31:10,152 - Starting ProductCategoryRepositoryTest on DESKTOP-5JAVIGT with PID 13284 (started by broccoli in D:\Idea_workplace\sell)
2018-10-17 16:31:10,153 - The following profiles are active: dev
2018-10-17 16:31:10,188 - Refreshing org.springframework.web.context.support.GenericWebApplicationContext@f14a7d4: startup date [Wed Oct 17 16:31:10 CST 2018]; root of context hierarchy
2018-10-17 16:31:12,190 - Bean 'org.springframework.transaction.annotation.ProxyTransactionManagementConfiguration' of type [org.springframework.transaction.annotation.ProxyTransactionManagementConfiguration$$EnhancerBySpringCGLIB$$90039060] is not eligible for getting processed by all BeanPostProcessors (for example: not eligible for auto-proxying)
2018-10-17 16:31:12,595 - HikariPool-1 - Starting...
2018-10-17 16:31:13,132 - HikariPool-1 - Start completed.
2018-10-17 16:31:13,274 - Building JPA container EntityManagerFactory for persistence unit 'default'
2018-10-17 16:31:13,299 - HHH000204: Processing PersistenceUnitInfo [
	name: default
	...]
2018-10-17 16:31:13,406 - HHH000412: Hibernate Core {5.2.17.Final}
2018-10-17 16:31:13,408 - HHH000206: hibernate.properties not found
2018-10-17 16:31:13,454 - HCANN000001: Hibernate Commons Annotations {5.0.1.Final}
2018-10-17 16:31:13,632 - HHH000400: Using dialect: org.hibernate.dialect.MySQL5InnoDBDialect
2018-10-17 16:31:14,651 - Initialized JPA EntityManagerFactory for persistence unit 'default'
2018-10-17 16:31:15,056 - Mapped URL path [/**/favicon.ico] onto handler of type [class org.springframework.web.servlet.resource.ResourceHttpRequestHandler]
2018-10-17 16:31:15,743 - Looking for @ControllerAdvice: org.springframework.web.context.support.GenericWebApplicationContext@f14a7d4: startup date [Wed Oct 17 16:31:10 CST 2018]; root of context hierarchy
2018-10-17 16:31:15,789 - spring.jpa.open-in-view is enabled by default. Therefore, database queries may be performed during view rendering. Explicitly configure spring.jpa.open-in-view to disable this warning
2018-10-17 16:31:15,827 - Mapped "{[/error]}" onto public org.springframework.http.ResponseEntity<java.util.Map<java.lang.String, java.lang.Object>> org.springframework.boot.autoconfigure.web.servlet.error.BasicErrorController.error(javax.servlet.http.HttpServletRequest)
2018-10-17 16:31:15,829 - Mapped "{[/error],produces=[text/html]}" onto public org.springframework.web.servlet.ModelAndView org.springframework.boot.autoconfigure.web.servlet.error.BasicErrorController.errorHtml(javax.servlet.http.HttpServletRequest,javax.servlet.http.HttpServletResponse)
2018-10-17 16:31:15,860 - Mapped URL path [/webjars/**] onto handler of type [class org.springframework.web.servlet.resource.ResourceHttpRequestHandler]
2018-10-17 16:31:15,860 - Mapped URL path [/**] onto handler of type [class org.springframework.web.servlet.resource.ResourceHttpRequestHandler]
2018-10-17 16:31:15,985 - Adding welcome page template: index
2018-10-17 16:31:16,238 - Started ProductCategoryRepositoryTest in 6.822 seconds (JVM running for 7.989)
2018-10-17 16:31:16,555 - Closing org.springframework.web.context.support.GenericWebApplicationContext@f14a7d4: startup date [Wed Oct 17 16:31:10 CST 2018]; root of context hierarchy
2018-10-17 16:31:16,560 - Closing JPA EntityManagerFactory for persistence unit 'default'
2018-10-17 16:31:16,561 - HikariPool-1 - Shutdown initiated...
2018-10-17 16:31:16,568 - HikariPool-1 - Shutdown completed.
2018-10-17 16:36:54,448 - Starting ProductCategoryRepositoryTest on DESKTOP-5JAVIGT with PID 6504 (started by broccoli in D:\Idea_workplace\sell)
2018-10-17 16:36:54,449 - The following profiles are active: dev
2018-10-17 16:36:54,546 - Refreshing org.springframework.web.context.support.GenericWebApplicationContext@42a15bdc: startup date [Wed Oct 17 16:36:54 CST 2018]; root of context hierarchy
2018-10-17 16:36:56,198 - Bean 'org.springframework.transaction.annotation.ProxyTransactionManagementConfiguration' of type [org.springframework.transaction.annotation.ProxyTransactionManagementConfiguration$$EnhancerBySpringCGLIB$$32524fc0] is not eligible for getting processed by all BeanPostProcessors (for example: not eligible for auto-proxying)
2018-10-17 16:36:56,409 - HikariPool-1 - Starting...
2018-10-17 16:36:56,974 - HikariPool-1 - Start completed.
2018-10-17 16:36:57,075 - Building JPA container EntityManagerFactory for persistence unit 'default'
2018-10-17 16:36:57,094 - HHH000204: Processing PersistenceUnitInfo [
	name: default
	...]
2018-10-17 16:36:57,177 - HHH000412: Hibernate Core {5.2.17.Final}
2018-10-17 16:36:57,178 - HHH000206: hibernate.properties not found
2018-10-17 16:36:57,227 - HCANN000001: Hibernate Commons Annotations {5.0.1.Final}
2018-10-17 16:36:57,368 - HHH000400: Using dialect: org.hibernate.dialect.MySQL5InnoDBDialect
2018-10-17 16:36:58,309 - Initialized JPA EntityManagerFactory for persistence unit 'default'
2018-10-17 16:36:58,626 - Mapped URL path [/**/favicon.ico] onto handler of type [class org.springframework.web.servlet.resource.ResourceHttpRequestHandler]
2018-10-17 16:36:59,458 - Looking for @ControllerAdvice: org.springframework.web.context.support.GenericWebApplicationContext@42a15bdc: startup date [Wed Oct 17 16:36:54 CST 2018]; root of context hierarchy
2018-10-17 16:36:59,504 - spring.jpa.open-in-view is enabled by default. Therefore, database queries may be performed during view rendering. Explicitly configure spring.jpa.open-in-view to disable this warning
2018-10-17 16:36:59,540 - Mapped "{[/error]}" onto public org.springframework.http.ResponseEntity<java.util.Map<java.lang.String, java.lang.Object>> org.springframework.boot.autoconfigure.web.servlet.error.BasicErrorController.error(javax.servlet.http.HttpServletRequest)
2018-10-17 16:36:59,541 - Mapped "{[/error],produces=[text/html]}" onto public org.springframework.web.servlet.ModelAndView org.springframework.boot.autoconfigure.web.servlet.error.BasicErrorController.errorHtml(javax.servlet.http.HttpServletRequest,javax.servlet.http.HttpServletResponse)
2018-10-17 16:36:59,568 - Mapped URL path [/webjars/**] onto handler of type [class org.springframework.web.servlet.resource.ResourceHttpRequestHandler]
2018-10-17 16:36:59,569 - Mapped URL path [/**] onto handler of type [class org.springframework.web.servlet.resource.ResourceHttpRequestHandler]
2018-10-17 16:36:59,688 - Adding welcome page template: index
2018-10-17 16:36:59,931 - Started ProductCategoryRepositoryTest in 6.09 seconds (JVM running for 7.251)
2018-10-17 16:37:00,109 - HHH000397: Using ASTQueryTranslatorFactory
2018-10-17 16:37:00,571 - SQL Error: 1048, SQLState: 23000
2018-10-17 16:37:00,645 - Closing org.springframework.web.context.support.GenericWebApplicationContext@42a15bdc: startup date [Wed Oct 17 16:36:54 CST 2018]; root of context hierarchy
2018-10-17 16:37:00,650 - Closing JPA EntityManagerFactory for persistence unit 'default'
2018-10-17 16:37:00,650 - HikariPool-1 - Shutdown initiated...
2018-10-17 16:37:00,656 - HikariPool-1 - Shutdown completed.
2018-10-17 16:38:07,018 - Starting ProductCategoryRepositoryTest on DESKTOP-5JAVIGT with PID 364 (started by broccoli in D:\Idea_workplace\sell)
2018-10-17 16:38:07,019 - The following profiles are active: dev
2018-10-17 16:38:07,052 - Refreshing org.springframework.web.context.support.GenericWebApplicationContext@52e7a6b2: startup date [Wed Oct 17 16:38:07 CST 2018]; root of context hierarchy
2018-10-17 16:38:08,683 - Bean 'org.springframework.transaction.annotation.ProxyTransactionManagementConfiguration' of type [org.springframework.transaction.annotation.ProxyTransactionManagementConfiguration$$EnhancerBySpringCGLIB$$aec5eb7d] is not eligible for getting processed by all BeanPostProcessors (for example: not eligible for auto-proxying)
2018-10-17 16:38:08,906 - HikariPool-1 - Starting...
2018-10-17 16:38:09,461 - HikariPool-1 - Start completed.
2018-10-17 16:38:09,574 - Building JPA container EntityManagerFactory for persistence unit 'default'
2018-10-17 16:38:09,592 - HHH000204: Processing PersistenceUnitInfo [
	name: default
	...]
2018-10-17 16:38:09,676 - HHH000412: Hibernate Core {5.2.17.Final}
2018-10-17 16:38:09,678 - HHH000206: hibernate.properties not found
2018-10-17 16:38:09,720 - HCANN000001: Hibernate Commons Annotations {5.0.1.Final}
2018-10-17 16:38:09,861 - HHH000400: Using dialect: org.hibernate.dialect.MySQL5InnoDBDialect
2018-10-17 16:38:10,797 - Initialized JPA EntityManagerFactory for persistence unit 'default'
2018-10-17 16:38:11,118 - Mapped URL path [/**/favicon.ico] onto handler of type [class org.springframework.web.servlet.resource.ResourceHttpRequestHandler]
2018-10-17 16:38:11,853 - Looking for @ControllerAdvice: org.springframework.web.context.support.GenericWebApplicationContext@52e7a6b2: startup date [Wed Oct 17 16:38:07 CST 2018]; root of context hierarchy
2018-10-17 16:38:11,906 - spring.jpa.open-in-view is enabled by default. Therefore, database queries may be performed during view rendering. Explicitly configure spring.jpa.open-in-view to disable this warning
2018-10-17 16:38:11,947 - Mapped "{[/error]}" onto public org.springframework.http.ResponseEntity<java.util.Map<java.lang.String, java.lang.Object>> org.springframework.boot.autoconfigure.web.servlet.error.BasicErrorController.error(javax.servlet.http.HttpServletRequest)
2018-10-17 16:38:11,948 - Mapped "{[/error],produces=[text/html]}" onto public org.springframework.web.servlet.ModelAndView org.springframework.boot.autoconfigure.web.servlet.error.BasicErrorController.errorHtml(javax.servlet.http.HttpServletRequest,javax.servlet.http.HttpServletResponse)
2018-10-17 16:38:11,976 - Mapped URL path [/webjars/**] onto handler of type [class org.springframework.web.servlet.resource.ResourceHttpRequestHandler]
2018-10-17 16:38:11,977 - Mapped URL path [/**] onto handler of type [class org.springframework.web.servlet.resource.ResourceHttpRequestHandler]
2018-10-17 16:38:12,117 - Adding welcome page template: index
2018-10-17 16:38:12,347 - Started ProductCategoryRepositoryTest in 6.189 seconds (JVM running for 7.386)
2018-10-17 16:38:12,479 - HHH000397: Using ASTQueryTranslatorFactory
2018-10-17 16:38:12,725 - 取到的id: 1
2018-10-17 16:38:12,854 - SQL Error: 1048, SQLState: 23000
2018-10-17 16:38:12,932 - Closing org.springframework.web.context.support.GenericWebApplicationContext@52e7a6b2: startup date [Wed Oct 17 16:38:07 CST 2018]; root of context hierarchy
2018-10-17 16:38:12,937 - Closing JPA EntityManagerFactory for persistence unit 'default'
2018-10-17 16:38:12,938 - HikariPool-1 - Shutdown initiated...
2018-10-17 16:38:12,947 - HikariPool-1 - Shutdown completed.
2018-10-17 16:39:42,609 - Starting ProductCategoryRepositoryTest on DESKTOP-5JAVIGT with PID 8396 (started by broccoli in D:\Idea_workplace\sell)
2018-10-17 16:39:42,610 - The following profiles are active: dev
2018-10-17 16:39:42,648 - Refreshing org.springframework.web.context.support.GenericWebApplicationContext@52e7a6b2: startup date [Wed Oct 17 16:39:42 CST 2018]; root of context hierarchy
2018-10-17 16:39:44,242 - Bean 'org.springframework.transaction.annotation.ProxyTransactionManagementConfiguration' of type [org.springframework.transaction.annotation.ProxyTransactionManagementConfiguration$$EnhancerBySpringCGLIB$$a1bf9561] is not eligible for getting processed by all BeanPostProcessors (for example: not eligible for auto-proxying)
2018-10-17 16:39:44,445 - HikariPool-1 - Starting...
2018-10-17 16:39:45,047 - HikariPool-1 - Start completed.
2018-10-17 16:39:45,189 - Building JPA container EntityManagerFactory for persistence unit 'default'
2018-10-17 16:39:45,209 - HHH000204: Processing PersistenceUnitInfo [
	name: default
	...]
2018-10-17 16:39:45,300 - HHH000412: Hibernate Core {5.2.17.Final}
2018-10-17 16:39:45,301 - HHH000206: hibernate.properties not found
2018-10-17 16:39:45,341 - HCANN000001: Hibernate Commons Annotations {5.0.1.Final}
2018-10-17 16:39:45,486 - HHH000400: Using dialect: org.hibernate.dialect.MySQL5InnoDBDialect
2018-10-17 16:39:46,735 - Initialized JPA EntityManagerFactory for persistence unit 'default'
2018-10-17 16:39:47,086 - Mapped URL path [/**/favicon.ico] onto handler of type [class org.springframework.web.servlet.resource.ResourceHttpRequestHandler]
2018-10-17 16:39:48,069 - Looking for @ControllerAdvice: org.springframework.web.context.support.GenericWebApplicationContext@52e7a6b2: startup date [Wed Oct 17 16:39:42 CST 2018]; root of context hierarchy
2018-10-17 16:39:48,143 - spring.jpa.open-in-view is enabled by default. Therefore, database queries may be performed during view rendering. Explicitly configure spring.jpa.open-in-view to disable this warning
2018-10-17 16:39:48,223 - Mapped "{[/error]}" onto public org.springframework.http.ResponseEntity<java.util.Map<java.lang.String, java.lang.Object>> org.springframework.boot.autoconfigure.web.servlet.error.BasicErrorController.error(javax.servlet.http.HttpServletRequest)
2018-10-17 16:39:48,225 - Mapped "{[/error],produces=[text/html]}" onto public org.springframework.web.servlet.ModelAndView org.springframework.boot.autoconfigure.web.servlet.error.BasicErrorController.errorHtml(javax.servlet.http.HttpServletRequest,javax.servlet.http.HttpServletResponse)
2018-10-17 16:39:48,256 - Mapped URL path [/webjars/**] onto handler of type [class org.springframework.web.servlet.resource.ResourceHttpRequestHandler]
2018-10-17 16:39:48,258 - Mapped URL path [/**] onto handler of type [class org.springframework.web.servlet.resource.ResourceHttpRequestHandler]
2018-10-17 16:39:48,492 - Adding welcome page template: index
2018-10-17 16:39:48,713 - Started ProductCategoryRepositoryTest in 7.154 seconds (JVM running for 8.41)
2018-10-17 16:39:48,836 - HHH000397: Using ASTQueryTranslatorFactory
2018-10-17 16:39:49,362 - Closing org.springframework.web.context.support.GenericWebApplicationContext@52e7a6b2: startup date [Wed Oct 17 16:39:42 CST 2018]; root of context hierarchy
2018-10-17 16:39:49,370 - Closing JPA EntityManagerFactory for persistence unit 'default'
2018-10-17 16:39:49,371 - HikariPool-1 - Shutdown initiated...
2018-10-17 16:39:49,378 - HikariPool-1 - Shutdown completed.
2018-10-17 16:43:38,880 - Starting ProductCategoryRepositoryTest on DESKTOP-5JAVIGT with PID 12064 (started by broccoli in D:\Idea_workplace\sell)
2018-10-17 16:43:38,880 - The following profiles are active: dev
2018-10-17 16:43:38,918 - Refreshing org.springframework.web.context.support.GenericWebApplicationContext@52e7a6b2: startup date [Wed Oct 17 16:43:38 CST 2018]; root of context hierarchy
2018-10-17 16:43:40,757 - Bean 'org.springframework.transaction.annotation.ProxyTransactionManagementConfiguration' of type [org.springframework.transaction.annotation.ProxyTransactionManagementConfiguration$$EnhancerBySpringCGLIB$$a1bf9561] is not eligible for getting processed by all BeanPostProcessors (for example: not eligible for auto-proxying)
2018-10-17 16:43:40,969 - HikariPool-1 - Starting...
2018-10-17 16:43:41,583 - HikariPool-1 - Start completed.
2018-10-17 16:43:41,704 - Building JPA container EntityManagerFactory for persistence unit 'default'
2018-10-17 16:43:41,724 - HHH000204: Processing PersistenceUnitInfo [
	name: default
	...]
2018-10-17 16:43:41,806 - HHH000412: Hibernate Core {5.2.17.Final}
2018-10-17 16:43:41,807 - HHH000206: hibernate.properties not found
2018-10-17 16:43:41,848 - HCANN000001: Hibernate Commons Annotations {5.0.1.Final}
2018-10-17 16:43:41,990 - HHH000400: Using dialect: org.hibernate.dialect.MySQL5InnoDBDialect
2018-10-17 16:43:42,947 - Initialized JPA EntityManagerFactory for persistence unit 'default'
2018-10-17 16:43:43,252 - Mapped URL path [/**/favicon.ico] onto handler of type [class org.springframework.web.servlet.resource.ResourceHttpRequestHandler]
2018-10-17 16:43:43,914 - Looking for @ControllerAdvice: org.springframework.web.context.support.GenericWebApplicationContext@52e7a6b2: startup date [Wed Oct 17 16:43:38 CST 2018]; root of context hierarchy
2018-10-17 16:43:43,964 - spring.jpa.open-in-view is enabled by default. Therefore, database queries may be performed during view rendering. Explicitly configure spring.jpa.open-in-view to disable this warning
2018-10-17 16:43:44,015 - Mapped "{[/error]}" onto public org.springframework.http.ResponseEntity<java.util.Map<java.lang.String, java.lang.Object>> org.springframework.boot.autoconfigure.web.servlet.error.BasicErrorController.error(javax.servlet.http.HttpServletRequest)
2018-10-17 16:43:44,017 - Mapped "{[/error],produces=[text/html]}" onto public org.springframework.web.servlet.ModelAndView org.springframework.boot.autoconfigure.web.servlet.error.BasicErrorController.errorHtml(javax.servlet.http.HttpServletRequest,javax.servlet.http.HttpServletResponse)
2018-10-17 16:43:44,047 - Mapped URL path [/webjars/**] onto handler of type [class org.springframework.web.servlet.resource.ResourceHttpRequestHandler]
2018-10-17 16:43:44,047 - Mapped URL path [/**] onto handler of type [class org.springframework.web.servlet.resource.ResourceHttpRequestHandler]
2018-10-17 16:43:44,197 - Adding welcome page template: index
2018-10-17 16:43:44,436 - Started ProductCategoryRepositoryTest in 6.34 seconds (JVM running for 7.434)
2018-10-17 16:43:44,557 - HHH000397: Using ASTQueryTranslatorFactory
2018-10-17 16:43:44,819 - Closing org.springframework.web.context.support.GenericWebApplicationContext@52e7a6b2: startup date [Wed Oct 17 16:43:38 CST 2018]; root of context hierarchy
2018-10-17 16:43:44,826 - Closing JPA EntityManagerFactory for persistence unit 'default'
2018-10-17 16:43:44,827 - HikariPool-1 - Shutdown initiated...
2018-10-17 16:43:44,835 - HikariPool-1 - Shutdown completed.
2018-10-17 16:44:02,908 - Starting ProductCategoryRepositoryTest on DESKTOP-5JAVIGT with PID 15708 (started by broccoli in D:\Idea_workplace\sell)
2018-10-17 16:44:02,908 - The following profiles are active: dev
2018-10-17 16:44:02,978 - Refreshing org.springframework.web.context.support.GenericWebApplicationContext@42a15bdc: startup date [Wed Oct 17 16:44:02 CST 2018]; root of context hierarchy
2018-10-17 16:44:04,739 - Bean 'org.springframework.transaction.annotation.ProxyTransactionManagementConfiguration' of type [org.springframework.transaction.annotation.ProxyTransactionManagementConfiguration$$EnhancerBySpringCGLIB$$32524fc0] is not eligible for getting processed by all BeanPostProcessors (for example: not eligible for auto-proxying)
2018-10-17 16:44:04,953 - HikariPool-1 - Starting...
2018-10-17 16:44:05,492 - HikariPool-1 - Start completed.
2018-10-17 16:44:05,628 - Building JPA container EntityManagerFactory for persistence unit 'default'
2018-10-17 16:44:05,647 - HHH000204: Processing PersistenceUnitInfo [
	name: default
	...]
2018-10-17 16:44:05,734 - HHH000412: Hibernate Core {5.2.17.Final}
2018-10-17 16:44:05,736 - HHH000206: hibernate.properties not found
2018-10-17 16:44:05,781 - HCANN000001: Hibernate Commons Annotations {5.0.1.Final}
2018-10-17 16:44:05,916 - HHH000400: Using dialect: org.hibernate.dialect.MySQL5InnoDBDialect
2018-10-17 16:44:06,844 - Initialized JPA EntityManagerFactory for persistence unit 'default'
2018-10-17 16:44:07,154 - Mapped URL path [/**/favicon.ico] onto handler of type [class org.springframework.web.servlet.resource.ResourceHttpRequestHandler]
2018-10-17 16:44:07,905 - Looking for @ControllerAdvice: org.springframework.web.context.support.GenericWebApplicationContext@42a15bdc: startup date [Wed Oct 17 16:44:02 CST 2018]; root of context hierarchy
2018-10-17 16:44:07,952 - spring.jpa.open-in-view is enabled by default. Therefore, database queries may be performed during view rendering. Explicitly configure spring.jpa.open-in-view to disable this warning
2018-10-17 16:44:07,992 - Mapped "{[/error]}" onto public org.springframework.http.ResponseEntity<java.util.Map<java.lang.String, java.lang.Object>> org.springframework.boot.autoconfigure.web.servlet.error.BasicErrorController.error(javax.servlet.http.HttpServletRequest)
2018-10-17 16:44:07,994 - Mapped "{[/error],produces=[text/html]}" onto public org.springframework.web.servlet.ModelAndView org.springframework.boot.autoconfigure.web.servlet.error.BasicErrorController.errorHtml(javax.servlet.http.HttpServletRequest,javax.servlet.http.HttpServletResponse)
2018-10-17 16:44:08,023 - Mapped URL path [/webjars/**] onto handler of type [class org.springframework.web.servlet.resource.ResourceHttpRequestHandler]
2018-10-17 16:44:08,023 - Mapped URL path [/**] onto handler of type [class org.springframework.web.servlet.resource.ResourceHttpRequestHandler]
2018-10-17 16:44:08,151 - Adding welcome page template: index
2018-10-17 16:44:08,393 - Started ProductCategoryRepositoryTest in 6.169 seconds (JVM running for 7.25)
2018-10-17 16:44:08,519 - HHH000397: Using ASTQueryTranslatorFactory
2018-10-17 16:44:09,010 - Closing org.springframework.web.context.support.GenericWebApplicationContext@42a15bdc: startup date [Wed Oct 17 16:44:02 CST 2018]; root of context hierarchy
2018-10-17 16:44:09,016 - Closing JPA EntityManagerFactory for persistence unit 'default'
2018-10-17 16:44:09,017 - HikariPool-1 - Shutdown initiated...
2018-10-17 16:44:09,025 - HikariPool-1 - Shutdown completed.
2018-10-17 16:54:14,026 - Starting ProductCategoryRepositoryTest on DESKTOP-5JAVIGT with PID 14516 (started by broccoli in D:\Idea_workplace\sell)
2018-10-17 16:54:14,027 - The following profiles are active: dev
2018-10-17 16:54:14,092 - Refreshing org.springframework.web.context.support.GenericWebApplicationContext@52e7a6b2: startup date [Wed Oct 17 16:54:14 CST 2018]; root of context hierarchy
2018-10-17 16:54:16,573 - Bean 'org.springframework.transaction.annotation.ProxyTransactionManagementConfiguration' of type [org.springframework.transaction.annotation.ProxyTransactionManagementConfiguration$$EnhancerBySpringCGLIB$$823e72aa] is not eligible for getting processed by all BeanPostProcessors (for example: not eligible for auto-proxying)
2018-10-17 16:54:16,836 - HikariPool-1 - Starting...
2018-10-17 16:54:17,534 - HikariPool-1 - Start completed.
2018-10-17 16:54:17,575 - Building JPA container EntityManagerFactory for persistence unit 'default'
2018-10-17 16:54:17,592 - HHH000204: Processing PersistenceUnitInfo [
	name: default
	...]
2018-10-17 16:54:17,678 - HHH000412: Hibernate Core {5.2.17.Final}
2018-10-17 16:54:17,679 - HHH000206: hibernate.properties not found
2018-10-17 16:54:17,720 - HCANN000001: Hibernate Commons Annotations {5.0.1.Final}
2018-10-17 16:54:17,892 - HHH000400: Using dialect: org.hibernate.dialect.MySQL5InnoDBDialect
2018-10-17 16:54:18,911 - Initialized JPA EntityManagerFactory for persistence unit 'default'
2018-10-17 16:54:19,260 - Mapped URL path [/**/favicon.ico] onto handler of type [class org.springframework.web.servlet.resource.ResourceHttpRequestHandler]
2018-10-17 16:54:20,014 - Looking for @ControllerAdvice: org.springframework.web.context.support.GenericWebApplicationContext@52e7a6b2: startup date [Wed Oct 17 16:54:14 CST 2018]; root of context hierarchy
2018-10-17 16:54:20,068 - spring.jpa.open-in-view is enabled by default. Therefore, database queries may be performed during view rendering. Explicitly configure spring.jpa.open-in-view to disable this warning
2018-10-17 16:54:20,111 - Mapped "{[/error]}" onto public org.springframework.http.ResponseEntity<java.util.Map<java.lang.String, java.lang.Object>> org.springframework.boot.autoconfigure.web.servlet.error.BasicErrorController.error(javax.servlet.http.HttpServletRequest)
2018-10-17 16:54:20,112 - Mapped "{[/error],produces=[text/html]}" onto public org.springframework.web.servlet.ModelAndView org.springframework.boot.autoconfigure.web.servlet.error.BasicErrorController.errorHtml(javax.servlet.http.HttpServletRequest,javax.servlet.http.HttpServletResponse)
2018-10-17 16:54:20,146 - Mapped URL path [/webjars/**] onto handler of type [class org.springframework.web.servlet.resource.ResourceHttpRequestHandler]
2018-10-17 16:54:20,146 - Mapped URL path [/**] onto handler of type [class org.springframework.web.servlet.resource.ResourceHttpRequestHandler]
2018-10-17 16:54:20,297 - Adding welcome page template: index
2018-10-17 16:54:20,558 - Started ProductCategoryRepositoryTest in 7.509 seconds (JVM running for 8.617)
2018-10-17 16:54:20,703 - HHH000397: Using ASTQueryTranslatorFactory
2018-10-17 16:54:21,193 - Closing org.springframework.web.context.support.GenericWebApplicationContext@52e7a6b2: startup date [Wed Oct 17 16:54:14 CST 2018]; root of context hierarchy
2018-10-17 16:54:21,199 - Closing JPA EntityManagerFactory for persistence unit 'default'
2018-10-17 16:54:21,199 - HikariPool-1 - Shutdown initiated...
2018-10-17 16:54:21,208 - HikariPool-1 - Shutdown completed.
2018-10-17 17:05:21,712 - Starting ProductCategoryRepositoryTest on DESKTOP-5JAVIGT with PID 12312 (started by broccoli in D:\Idea_workplace\sell)
2018-10-17 17:05:21,712 - The following profiles are active: dev
2018-10-17 17:05:21,750 - Refreshing org.springframework.web.context.support.GenericWebApplicationContext@29a5f4e7: startup date [Wed Oct 17 17:05:21 CST 2018]; root of context hierarchy
2018-10-17 17:05:23,629 - Bean 'org.springframework.transaction.annotation.ProxyTransactionManagementConfiguration' of type [org.springframework.transaction.annotation.ProxyTransactionManagementConfiguration$$EnhancerBySpringCGLIB$$32524fc0] is not eligible for getting processed by all BeanPostProcessors (for example: not eligible for auto-proxying)
2018-10-17 17:05:23,930 - HikariPool-1 - Starting...
2018-10-17 17:05:24,475 - HikariPool-1 - Start completed.
2018-10-17 17:05:24,578 - Building JPA container EntityManagerFactory for persistence unit 'default'
2018-10-17 17:05:24,596 - HHH000204: Processing PersistenceUnitInfo [
	name: default
	...]
2018-10-17 17:05:24,696 - HHH000412: Hibernate Core {5.2.17.Final}
2018-10-17 17:05:24,699 - HHH000206: hibernate.properties not found
2018-10-17 17:05:24,746 - HCANN000001: Hibernate Commons Annotations {5.0.1.Final}
2018-10-17 17:05:24,884 - HHH000400: Using dialect: org.hibernate.dialect.MySQL5InnoDBDialect
2018-10-17 17:05:25,983 - Initialized JPA EntityManagerFactory for persistence unit 'default'
2018-10-17 17:05:26,332 - Mapped URL path [/**/favicon.ico] onto handler of type [class org.springframework.web.servlet.resource.ResourceHttpRequestHandler]
2018-10-17 17:05:27,052 - Looking for @ControllerAdvice: org.springframework.web.context.support.GenericWebApplicationContext@29a5f4e7: startup date [Wed Oct 17 17:05:21 CST 2018]; root of context hierarchy
2018-10-17 17:05:27,101 - spring.jpa.open-in-view is enabled by default. Therefore, database queries may be performed during view rendering. Explicitly configure spring.jpa.open-in-view to disable this warning
2018-10-17 17:05:27,145 - Mapped "{[/error]}" onto public org.springframework.http.ResponseEntity<java.util.Map<java.lang.String, java.lang.Object>> org.springframework.boot.autoconfigure.web.servlet.error.BasicErrorController.error(javax.servlet.http.HttpServletRequest)
2018-10-17 17:05:27,147 - Mapped "{[/error],produces=[text/html]}" onto public org.springframework.web.servlet.ModelAndView org.springframework.boot.autoconfigure.web.servlet.error.BasicErrorController.errorHtml(javax.servlet.http.HttpServletRequest,javax.servlet.http.HttpServletResponse)
2018-10-17 17:05:27,172 - Mapped URL path [/webjars/**] onto handler of type [class org.springframework.web.servlet.resource.ResourceHttpRequestHandler]
2018-10-17 17:05:27,172 - Mapped URL path [/**] onto handler of type [class org.springframework.web.servlet.resource.ResourceHttpRequestHandler]
2018-10-17 17:05:27,319 - Adding welcome page template: index
2018-10-17 17:05:27,570 - Started ProductCategoryRepositoryTest in 6.573 seconds (JVM running for 7.97)
2018-10-17 17:05:27,694 - HHH000397: Using ASTQueryTranslatorFactory
2018-10-17 17:05:28,124 - Closing org.springframework.web.context.support.GenericWebApplicationContext@29a5f4e7: startup date [Wed Oct 17 17:05:21 CST 2018]; root of context hierarchy
2018-10-17 17:05:28,129 - Closing JPA EntityManagerFactory for persistence unit 'default'
2018-10-17 17:05:28,130 - HikariPool-1 - Shutdown initiated...
2018-10-17 17:05:28,137 - HikariPool-1 - Shutdown completed.
2018-10-17 17:10:01,870 - Starting ProductCategoryRepositoryTest on DESKTOP-5JAVIGT with PID 12836 (started by broccoli in D:\Idea_workplace\sell)
2018-10-17 17:10:01,873 - The following profiles are active: dev
2018-10-17 17:10:01,949 - Refreshing org.springframework.web.context.support.GenericWebApplicationContext@29a5f4e7: startup date [Wed Oct 17 17:10:01 CST 2018]; root of context hierarchy
2018-10-17 17:10:04,090 - Bean 'org.springframework.transaction.annotation.ProxyTransactionManagementConfiguration' of type [org.springframework.transaction.annotation.ProxyTransactionManagementConfiguration$$EnhancerBySpringCGLIB$$32524fc0] is not eligible for getting processed by all BeanPostProcessors (for example: not eligible for auto-proxying)
2018-10-17 17:10:04,316 - HikariPool-1 - Starting...
2018-10-17 17:10:04,859 - HikariPool-1 - Start completed.
2018-10-17 17:10:04,990 - Building JPA container EntityManagerFactory for persistence unit 'default'
2018-10-17 17:10:05,012 - HHH000204: Processing PersistenceUnitInfo [
	name: default
	...]
2018-10-17 17:10:05,129 - HHH000412: Hibernate Core {5.2.17.Final}
2018-10-17 17:10:05,132 - HHH000206: hibernate.properties not found
2018-10-17 17:10:05,213 - HCANN000001: Hibernate Commons Annotations {5.0.1.Final}
2018-10-17 17:10:05,399 - HHH000400: Using dialect: org.hibernate.dialect.MySQL5InnoDBDialect
2018-10-17 17:10:06,378 - Initialized JPA EntityManagerFactory for persistence unit 'default'
2018-10-17 17:10:06,723 - Mapped URL path [/**/favicon.ico] onto handler of type [class org.springframework.web.servlet.resource.ResourceHttpRequestHandler]
2018-10-17 17:10:07,469 - Looking for @ControllerAdvice: org.springframework.web.context.support.GenericWebApplicationContext@29a5f4e7: startup date [Wed Oct 17 17:10:01 CST 2018]; root of context hierarchy
2018-10-17 17:10:07,519 - spring.jpa.open-in-view is enabled by default. Therefore, database queries may be performed during view rendering. Explicitly configure spring.jpa.open-in-view to disable this warning
2018-10-17 17:10:07,561 - Mapped "{[/error]}" onto public org.springframework.http.ResponseEntity<java.util.Map<java.lang.String, java.lang.Object>> org.springframework.boot.autoconfigure.web.servlet.error.BasicErrorController.error(javax.servlet.http.HttpServletRequest)
2018-10-17 17:10:07,563 - Mapped "{[/error],produces=[text/html]}" onto public org.springframework.web.servlet.ModelAndView org.springframework.boot.autoconfigure.web.servlet.error.BasicErrorController.errorHtml(javax.servlet.http.HttpServletRequest,javax.servlet.http.HttpServletResponse)
2018-10-17 17:10:07,593 - Mapped URL path [/webjars/**] onto handler of type [class org.springframework.web.servlet.resource.ResourceHttpRequestHandler]
2018-10-17 17:10:07,593 - Mapped URL path [/**] onto handler of type [class org.springframework.web.servlet.resource.ResourceHttpRequestHandler]
2018-10-17 17:10:07,725 - Adding welcome page template: index
2018-10-17 17:10:08,151 - Started ProductCategoryRepositoryTest in 7.305 seconds (JVM running for 8.59)
2018-10-17 17:10:08,432 - SQL Error: 1048, SQLState: 23000
2018-10-17 17:10:08,504 - Closing org.springframework.web.context.support.GenericWebApplicationContext@29a5f4e7: startup date [Wed Oct 17 17:10:01 CST 2018]; root of context hierarchy
2018-10-17 17:10:08,512 - Closing JPA EntityManagerFactory for persistence unit 'default'
2018-10-17 17:10:08,513 - HikariPool-1 - Shutdown initiated...
2018-10-17 17:10:08,519 - HikariPool-1 - Shutdown completed.
2018-10-17 17:10:33,973 - Starting ProductCategoryRepositoryTest on DESKTOP-5JAVIGT with PID 15984 (started by broccoli in D:\Idea_workplace\sell)
2018-10-17 17:10:33,974 - The following profiles are active: dev
2018-10-17 17:10:34,013 - Refreshing org.springframework.web.context.support.GenericWebApplicationContext@52e7a6b2: startup date [Wed Oct 17 17:10:34 CST 2018]; root of context hierarchy
2018-10-17 17:10:35,847 - Bean 'org.springframework.transaction.annotation.ProxyTransactionManagementConfiguration' of type [org.springframework.transaction.annotation.ProxyTransactionManagementConfiguration$$EnhancerBySpringCGLIB$$bae609c9] is not eligible for getting processed by all BeanPostProcessors (for example: not eligible for auto-proxying)
2018-10-17 17:10:36,059 - HikariPool-1 - Starting...
2018-10-17 17:10:36,705 - HikariPool-1 - Start completed.
2018-10-17 17:10:36,746 - Building JPA container EntityManagerFactory for persistence unit 'default'
2018-10-17 17:10:36,764 - HHH000204: Processing PersistenceUnitInfo [
	name: default
	...]
2018-10-17 17:10:36,850 - HHH000412: Hibernate Core {5.2.17.Final}
2018-10-17 17:10:36,852 - HHH000206: hibernate.properties not found
2018-10-17 17:10:36,894 - HCANN000001: Hibernate Commons Annotations {5.0.1.Final}
2018-10-17 17:10:37,057 - HHH000400: Using dialect: org.hibernate.dialect.MySQL5InnoDBDialect
2018-10-17 17:10:38,043 - Initialized JPA EntityManagerFactory for persistence unit 'default'
2018-10-17 17:10:38,386 - Mapped URL path [/**/favicon.ico] onto handler of type [class org.springframework.web.servlet.resource.ResourceHttpRequestHandler]
2018-10-17 17:10:39,127 - Looking for @ControllerAdvice: org.springframework.web.context.support.GenericWebApplicationContext@52e7a6b2: startup date [Wed Oct 17 17:10:34 CST 2018]; root of context hierarchy
2018-10-17 17:10:39,183 - spring.jpa.open-in-view is enabled by default. Therefore, database queries may be performed during view rendering. Explicitly configure spring.jpa.open-in-view to disable this warning
2018-10-17 17:10:39,233 - Mapped "{[/error]}" onto public org.springframework.http.ResponseEntity<java.util.Map<java.lang.String, java.lang.Object>> org.springframework.boot.autoconfigure.web.servlet.error.BasicErrorController.error(javax.servlet.http.HttpServletRequest)
2018-10-17 17:10:39,234 - Mapped "{[/error],produces=[text/html]}" onto public org.springframework.web.servlet.ModelAndView org.springframework.boot.autoconfigure.web.servlet.error.BasicErrorController.errorHtml(javax.servlet.http.HttpServletRequest,javax.servlet.http.HttpServletResponse)
2018-10-17 17:10:39,266 - Mapped URL path [/webjars/**] onto handler of type [class org.springframework.web.servlet.resource.ResourceHttpRequestHandler]
2018-10-17 17:10:39,266 - Mapped URL path [/**] onto handler of type [class org.springframework.web.servlet.resource.ResourceHttpRequestHandler]
2018-10-17 17:10:39,422 - Adding welcome page template: index
2018-10-17 17:10:39,661 - Started ProductCategoryRepositoryTest in 6.466 seconds (JVM running for 7.618)
2018-10-17 17:10:39,989 - Closing org.springframework.web.context.support.GenericWebApplicationContext@52e7a6b2: startup date [Wed Oct 17 17:10:34 CST 2018]; root of context hierarchy
2018-10-17 17:10:39,996 - Closing JPA EntityManagerFactory for persistence unit 'default'
2018-10-17 17:10:39,997 - HikariPool-1 - Shutdown initiated...
2018-10-17 17:10:40,003 - HikariPool-1 - Shutdown completed.
2018-10-17 17:13:51,537 - Starting ProductCategoryRepositoryTest on DESKTOP-5JAVIGT with PID 4956 (started by broccoli in D:\Idea_workplace\sell)
2018-10-17 17:13:51,539 - The following profiles are active: dev
2018-10-17 17:13:51,592 - Refreshing org.springframework.web.context.support.GenericWebApplicationContext@4b5189ac: startup date [Wed Oct 17 17:13:51 CST 2018]; root of context hierarchy
2018-10-17 17:13:54,566 - Bean 'org.springframework.transaction.annotation.ProxyTransactionManagementConfiguration' of type [org.springframework.transaction.annotation.ProxyTransactionManagementConfiguration$$EnhancerBySpringCGLIB$$4c02676a] is not eligible for getting processed by all BeanPostProcessors (for example: not eligible for auto-proxying)
2018-10-17 17:13:54,902 - HikariPool-1 - Starting...
2018-10-17 17:13:55,580 - HikariPool-1 - Start completed.
2018-10-17 17:13:55,625 - Building JPA container EntityManagerFactory for persistence unit 'default'
2018-10-17 17:13:55,644 - HHH000204: Processing PersistenceUnitInfo [
	name: default
	...]
2018-10-17 17:13:55,740 - HHH000412: Hibernate Core {5.2.17.Final}
2018-10-17 17:13:55,742 - HHH000206: hibernate.properties not found
2018-10-17 17:13:55,784 - HCANN000001: Hibernate Commons Annotations {5.0.1.Final}
2018-10-17 17:13:55,978 - HHH000400: Using dialect: org.hibernate.dialect.MySQL5InnoDBDialect
2018-10-17 17:13:56,973 - Initialized JPA EntityManagerFactory for persistence unit 'default'
2018-10-17 17:13:57,344 - Mapped URL path [/**/favicon.ico] onto handler of type [class org.springframework.web.servlet.resource.ResourceHttpRequestHandler]
2018-10-17 17:13:58,249 - Looking for @ControllerAdvice: org.springframework.web.context.support.GenericWebApplicationContext@4b5189ac: startup date [Wed Oct 17 17:13:51 CST 2018]; root of context hierarchy
2018-10-17 17:13:58,297 - spring.jpa.open-in-view is enabled by default. Therefore, database queries may be performed during view rendering. Explicitly configure spring.jpa.open-in-view to disable this warning
2018-10-17 17:13:58,346 - Mapped "{[/error]}" onto public org.springframework.http.ResponseEntity<java.util.Map<java.lang.String, java.lang.Object>> org.springframework.boot.autoconfigure.web.servlet.error.BasicErrorController.error(javax.servlet.http.HttpServletRequest)
2018-10-17 17:13:58,347 - Mapped "{[/error],produces=[text/html]}" onto public org.springframework.web.servlet.ModelAndView org.springframework.boot.autoconfigure.web.servlet.error.BasicErrorController.errorHtml(javax.servlet.http.HttpServletRequest,javax.servlet.http.HttpServletResponse)
2018-10-17 17:13:58,379 - Mapped URL path [/webjars/**] onto handler of type [class org.springframework.web.servlet.resource.ResourceHttpRequestHandler]
2018-10-17 17:13:58,379 - Mapped URL path [/**] onto handler of type [class org.springframework.web.servlet.resource.ResourceHttpRequestHandler]
2018-10-17 17:13:58,535 - Adding welcome page template: index
2018-10-17 17:13:58,802 - Started ProductCategoryRepositoryTest in 8.397 seconds (JVM running for 9.654)
2018-10-17 17:13:59,034 - Began transaction (1) for test context [DefaultTestContext@3fc2959f testClass = ProductCategoryRepositoryTest, testInstance = com.mo.Repository.ProductCategoryRepositoryTest@433ef204, testMethod = modifyTest@ProductCategoryRepositoryTest, testException = [null], mergedContextConfiguration = [WebMergedContextConfiguration@5aa9e4eb testClass = ProductCategoryRepositoryTest, locations = '{}', classes = '{class com.mo.SellApplication}', contextInitializerClasses = '[]', activeProfiles = '{}', propertySourceLocations = '{}', propertySourceProperties = '{org.springframework.boot.test.context.SpringBootTestContextBootstrapper=true}', contextCustomizers = set[org.springframework.boot.test.context.filter.ExcludeFilterContextCustomizer@e720b71, org.springframework.boot.test.json.DuplicateJsonObjectContextCustomizerFactory$DuplicateJsonObjectContextCustomizer@74ad1f1f, org.springframework.boot.test.mock.mockito.MockitoContextCustomizer@0, org.springframework.boot.test.web.client.TestRestTemplateContextCustomizer@51c8530f, org.springframework.boot.test.autoconfigure.properties.PropertyMappingContextCustomizer@0, org.springframework.boot.test.autoconfigure.web.servlet.WebDriverContextCustomizerFactory$Customizer@150c158], resourceBasePath = 'src/main/webapp', contextLoader = 'org.springframework.boot.test.context.SpringBootContextLoader', parent = [null]], attributes = map['org.springframework.test.context.web.ServletTestExecutionListener.activateListener' -> true, 'org.springframework.test.context.web.ServletTestExecutionListener.populatedRequestContextHolder' -> true, 'org.springframework.test.context.web.ServletTestExecutionListener.resetRequestContextHolder' -> true]]; transaction manager [org.springframework.orm.jpa.JpaTransactionManager@55a0f011]; rollback [true]
2018-10-17 17:13:59,316 - Rolled back transaction for test: [DefaultTestContext@3fc2959f testClass = ProductCategoryRepositoryTest, testInstance = com.mo.Repository.ProductCategoryRepositoryTest@433ef204, testMethod = modifyTest@ProductCategoryRepositoryTest, testException = [null], mergedContextConfiguration = [WebMergedContextConfiguration@5aa9e4eb testClass = ProductCategoryRepositoryTest, locations = '{}', classes = '{class com.mo.SellApplication}', contextInitializerClasses = '[]', activeProfiles = '{}', propertySourceLocations = '{}', propertySourceProperties = '{org.springframework.boot.test.context.SpringBootTestContextBootstrapper=true}', contextCustomizers = set[org.springframework.boot.test.context.filter.ExcludeFilterContextCustomizer@e720b71, org.springframework.boot.test.json.DuplicateJsonObjectContextCustomizerFactory$DuplicateJsonObjectContextCustomizer@74ad1f1f, org.springframework.boot.test.mock.mockito.MockitoContextCustomizer@0, org.springframework.boot.test.web.client.TestRestTemplateContextCustomizer@51c8530f, org.springframework.boot.test.autoconfigure.properties.PropertyMappingContextCustomizer@0, org.springframework.boot.test.autoconfigure.web.servlet.WebDriverContextCustomizerFactory$Customizer@150c158], resourceBasePath = 'src/main/webapp', contextLoader = 'org.springframework.boot.test.context.SpringBootContextLoader', parent = [null]], attributes = map['org.springframework.test.context.web.ServletTestExecutionListener.activateListener' -> true, 'org.springframework.test.context.web.ServletTestExecutionListener.populatedRequestContextHolder' -> true, 'org.springframework.test.context.web.ServletTestExecutionListener.resetRequestContextHolder' -> true]]
2018-10-17 17:13:59,318 - Closing org.springframework.web.context.support.GenericWebApplicationContext@4b5189ac: startup date [Wed Oct 17 17:13:51 CST 2018]; root of context hierarchy
2018-10-17 17:13:59,327 - Closing JPA EntityManagerFactory for persistence unit 'default'
2018-10-17 17:13:59,328 - HikariPool-1 - Shutdown initiated...
2018-10-17 17:13:59,339 - HikariPool-1 - Shutdown completed.
2018-10-17 17:22:51,690 - Starting ProductCategoryRepositoryTest on DESKTOP-5JAVIGT with PID 9100 (started by broccoli in D:\Idea_workplace\sell)
2018-10-17 17:22:51,692 - The following profiles are active: dev
2018-10-17 17:22:51,761 - Refreshing org.springframework.web.context.support.GenericWebApplicationContext@704deff2: startup date [Wed Oct 17 17:22:51 CST 2018]; root of context hierarchy
2018-10-17 17:22:54,265 - Bean 'org.springframework.transaction.annotation.ProxyTransactionManagementConfiguration' of type [org.springframework.transaction.annotation.ProxyTransactionManagementConfiguration$$EnhancerBySpringCGLIB$$46342297] is not eligible for getting processed by all BeanPostProcessors (for example: not eligible for auto-proxying)
2018-10-17 17:22:54,718 - HikariPool-1 - Starting...
2018-10-17 17:22:55,382 - HikariPool-1 - Start completed.
2018-10-17 17:22:55,575 - Building JPA container EntityManagerFactory for persistence unit 'default'
2018-10-17 17:22:55,598 - HHH000204: Processing PersistenceUnitInfo [
	name: default
	...]
2018-10-17 17:22:55,713 - HHH000412: Hibernate Core {5.2.17.Final}
2018-10-17 17:22:55,715 - HHH000206: hibernate.properties not found
2018-10-17 17:22:55,790 - HCANN000001: Hibernate Commons Annotations {5.0.1.Final}
2018-10-17 17:22:55,970 - HHH000400: Using dialect: org.hibernate.dialect.MySQL5InnoDBDialect
2018-10-17 17:22:57,038 - Initialized JPA EntityManagerFactory for persistence unit 'default'
2018-10-17 17:22:57,488 - Mapped URL path [/**/favicon.ico] onto handler of type [class org.springframework.web.servlet.resource.ResourceHttpRequestHandler]
2018-10-17 17:22:58,581 - Looking for @ControllerAdvice: org.springframework.web.context.support.GenericWebApplicationContext@704deff2: startup date [Wed Oct 17 17:22:51 CST 2018]; root of context hierarchy
2018-10-17 17:22:58,632 - spring.jpa.open-in-view is enabled by default. Therefore, database queries may be performed during view rendering. Explicitly configure spring.jpa.open-in-view to disable this warning
2018-10-17 17:22:58,678 - Mapped "{[/error]}" onto public org.springframework.http.ResponseEntity<java.util.Map<java.lang.String, java.lang.Object>> org.springframework.boot.autoconfigure.web.servlet.error.BasicErrorController.error(javax.servlet.http.HttpServletRequest)
2018-10-17 17:22:58,681 - Mapped "{[/error],produces=[text/html]}" onto public org.springframework.web.servlet.ModelAndView org.springframework.boot.autoconfigure.web.servlet.error.BasicErrorController.errorHtml(javax.servlet.http.HttpServletRequest,javax.servlet.http.HttpServletResponse)
2018-10-17 17:22:58,711 - Mapped URL path [/webjars/**] onto handler of type [class org.springframework.web.servlet.resource.ResourceHttpRequestHandler]
2018-10-17 17:22:58,711 - Mapped URL path [/**] onto handler of type [class org.springframework.web.servlet.resource.ResourceHttpRequestHandler]
2018-10-17 17:22:58,874 - Adding welcome page template: index
2018-10-17 17:22:59,285 - Started ProductCategoryRepositoryTest in 8.734 seconds (JVM running for 10.037)
2018-10-17 17:22:59,493 - HHH000397: Using ASTQueryTranslatorFactory
2018-10-17 17:22:59,843 - SQL Error: 1241, SQLState: 21000
2018-10-17 17:22:59,865 - Closing org.springframework.web.context.support.GenericWebApplicationContext@704deff2: startup date [Wed Oct 17 17:22:51 CST 2018]; root of context hierarchy
2018-10-17 17:22:59,871 - Closing JPA EntityManagerFactory for persistence unit 'default'
2018-10-17 17:22:59,873 - HikariPool-1 - Shutdown initiated...
2018-10-17 17:22:59,881 - HikariPool-1 - Shutdown completed.
2018-10-17 17:24:43,045 - Starting ProductCategoryRepositoryTest on DESKTOP-5JAVIGT with PID 1720 (started by broccoli in D:\Idea_workplace\sell)
2018-10-17 17:24:43,046 - The following profiles are active: dev
2018-10-17 17:24:43,079 - Refreshing org.springframework.web.context.support.GenericWebApplicationContext@1e4d3ce5: startup date [Wed Oct 17 17:24:43 CST 2018]; root of context hierarchy
2018-10-17 17:24:45,241 - Bean 'org.springframework.transaction.annotation.ProxyTransactionManagementConfiguration' of type [org.springframework.transaction.annotation.ProxyTransactionManagementConfiguration$$EnhancerBySpringCGLIB$$46342297] is not eligible for getting processed by all BeanPostProcessors (for example: not eligible for auto-proxying)
2018-10-17 17:24:45,474 - HikariPool-1 - Starting...
2018-10-17 17:24:46,076 - HikariPool-1 - Start completed.
2018-10-17 17:24:46,117 - Building JPA container EntityManagerFactory for persistence unit 'default'
2018-10-17 17:24:46,138 - HHH000204: Processing PersistenceUnitInfo [
	name: default
	...]
2018-10-17 17:24:46,316 - HHH000412: Hibernate Core {5.2.17.Final}
2018-10-17 17:24:46,317 - HHH000206: hibernate.properties not found
2018-10-17 17:24:46,370 - HCANN000001: Hibernate Commons Annotations {5.0.1.Final}
2018-10-17 17:24:46,540 - HHH000400: Using dialect: org.hibernate.dialect.MySQL5InnoDBDialect
2018-10-17 17:24:47,502 - Initialized JPA EntityManagerFactory for persistence unit 'default'
2018-10-17 17:24:47,845 - Mapped URL path [/**/favicon.ico] onto handler of type [class org.springframework.web.servlet.resource.ResourceHttpRequestHandler]
2018-10-17 17:24:48,655 - Looking for @ControllerAdvice: org.springframework.web.context.support.GenericWebApplicationContext@1e4d3ce5: startup date [Wed Oct 17 17:24:43 CST 2018]; root of context hierarchy
2018-10-17 17:24:48,711 - spring.jpa.open-in-view is enabled by default. Therefore, database queries may be performed during view rendering. Explicitly configure spring.jpa.open-in-view to disable this warning
2018-10-17 17:24:48,754 - Mapped "{[/error]}" onto public org.springframework.http.ResponseEntity<java.util.Map<java.lang.String, java.lang.Object>> org.springframework.boot.autoconfigure.web.servlet.error.BasicErrorController.error(javax.servlet.http.HttpServletRequest)
2018-10-17 17:24:48,756 - Mapped "{[/error],produces=[text/html]}" onto public org.springframework.web.servlet.ModelAndView org.springframework.boot.autoconfigure.web.servlet.error.BasicErrorController.errorHtml(javax.servlet.http.HttpServletRequest,javax.servlet.http.HttpServletResponse)
2018-10-17 17:24:48,788 - Mapped URL path [/webjars/**] onto handler of type [class org.springframework.web.servlet.resource.ResourceHttpRequestHandler]
2018-10-17 17:24:48,788 - Mapped URL path [/**] onto handler of type [class org.springframework.web.servlet.resource.ResourceHttpRequestHandler]
2018-10-17 17:24:48,929 - Adding welcome page template: index
2018-10-17 17:24:49,160 - Started ProductCategoryRepositoryTest in 7.195 seconds (JVM running for 8.612)
2018-10-17 17:24:49,330 - HHH000397: Using ASTQueryTranslatorFactory
2018-10-17 17:24:49,629 - Closing org.springframework.web.context.support.GenericWebApplicationContext@1e4d3ce5: startup date [Wed Oct 17 17:24:43 CST 2018]; root of context hierarchy
2018-10-17 17:24:49,636 - Closing JPA EntityManagerFactory for persistence unit 'default'
2018-10-17 17:24:49,636 - HikariPool-1 - Shutdown initiated...
2018-10-17 17:24:49,644 - HikariPool-1 - Shutdown completed.
2018-10-17 17:25:33,123 - Starting ProductCategoryRepositoryTest on DESKTOP-5JAVIGT with PID 3484 (started by broccoli in D:\Idea_workplace\sell)
2018-10-17 17:25:33,123 - The following profiles are active: dev
2018-10-17 17:25:33,164 - Refreshing org.springframework.web.context.support.GenericWebApplicationContext@704deff2: startup date [Wed Oct 17 17:25:33 CST 2018]; root of context hierarchy
2018-10-17 17:25:35,334 - Bean 'org.springframework.transaction.annotation.ProxyTransactionManagementConfiguration' of type [org.springframework.transaction.annotation.ProxyTransactionManagementConfiguration$$EnhancerBySpringCGLIB$$46342297] is not eligible for getting processed by all BeanPostProcessors (for example: not eligible for auto-proxying)
2018-10-17 17:25:35,593 - HikariPool-1 - Starting...
2018-10-17 17:25:36,193 - HikariPool-1 - Start completed.
2018-10-17 17:25:36,298 - Building JPA container EntityManagerFactory for persistence unit 'default'
2018-10-17 17:25:36,315 - HHH000204: Processing PersistenceUnitInfo [
	name: default
	...]
2018-10-17 17:25:36,406 - HHH000412: Hibernate Core {5.2.17.Final}
2018-10-17 17:25:36,408 - HHH000206: hibernate.properties not found
2018-10-17 17:25:36,457 - HCANN000001: Hibernate Commons Annotations {5.0.1.Final}
2018-10-17 17:25:36,632 - HHH000400: Using dialect: org.hibernate.dialect.MySQL5InnoDBDialect
2018-10-17 17:25:37,651 - Initialized JPA EntityManagerFactory for persistence unit 'default'
2018-10-17 17:25:38,013 - Mapped URL path [/**/favicon.ico] onto handler of type [class org.springframework.web.servlet.resource.ResourceHttpRequestHandler]
2018-10-17 17:25:38,808 - Looking for @ControllerAdvice: org.springframework.web.context.support.GenericWebApplicationContext@704deff2: startup date [Wed Oct 17 17:25:33 CST 2018]; root of context hierarchy
2018-10-17 17:25:38,866 - spring.jpa.open-in-view is enabled by default. Therefore, database queries may be performed during view rendering. Explicitly configure spring.jpa.open-in-view to disable this warning
2018-10-17 17:25:38,909 - Mapped "{[/error]}" onto public org.springframework.http.ResponseEntity<java.util.Map<java.lang.String, java.lang.Object>> org.springframework.boot.autoconfigure.web.servlet.error.BasicErrorController.error(javax.servlet.http.HttpServletRequest)
2018-10-17 17:25:38,911 - Mapped "{[/error],produces=[text/html]}" onto public org.springframework.web.servlet.ModelAndView org.springframework.boot.autoconfigure.web.servlet.error.BasicErrorController.errorHtml(javax.servlet.http.HttpServletRequest,javax.servlet.http.HttpServletResponse)
2018-10-17 17:25:38,943 - Mapped URL path [/webjars/**] onto handler of type [class org.springframework.web.servlet.resource.ResourceHttpRequestHandler]
2018-10-17 17:25:38,944 - Mapped URL path [/**] onto handler of type [class org.springframework.web.servlet.resource.ResourceHttpRequestHandler]
2018-10-17 17:25:39,095 - Adding welcome page template: index
2018-10-17 17:25:39,333 - Started ProductCategoryRepositoryTest in 7.069 seconds (JVM running for 8.563)
2018-10-17 17:25:39,493 - HHH000397: Using ASTQueryTranslatorFactory
2018-10-17 17:25:39,774 - Closing org.springframework.web.context.support.GenericWebApplicationContext@704deff2: startup date [Wed Oct 17 17:25:33 CST 2018]; root of context hierarchy
2018-10-17 17:25:39,779 - Closing JPA EntityManagerFactory for persistence unit 'default'
2018-10-17 17:25:39,781 - HikariPool-1 - Shutdown initiated...
2018-10-17 17:25:39,789 - HikariPool-1 - Shutdown completed.
2018-10-17 17:26:22,098 - Starting ProductCategoryRepositoryTest on DESKTOP-5JAVIGT with PID 5804 (started by broccoli in D:\Idea_workplace\sell)
2018-10-17 17:26:22,099 - The following profiles are active: dev
2018-10-17 17:26:22,149 - Refreshing org.springframework.web.context.support.GenericWebApplicationContext@704deff2: startup date [Wed Oct 17 17:26:22 CST 2018]; root of context hierarchy
2018-10-17 17:26:24,547 - Bean 'org.springframework.transaction.annotation.ProxyTransactionManagementConfiguration' of type [org.springframework.transaction.annotation.ProxyTransactionManagementConfiguration$$EnhancerBySpringCGLIB$$46342297] is not eligible for getting processed by all BeanPostProcessors (for example: not eligible for auto-proxying)
2018-10-17 17:26:24,802 - HikariPool-1 - Starting...
2018-10-17 17:26:25,343 - HikariPool-1 - Start completed.
2018-10-17 17:26:25,446 - Building JPA container EntityManagerFactory for persistence unit 'default'
2018-10-17 17:26:25,465 - HHH000204: Processing PersistenceUnitInfo [
	name: default
	...]
2018-10-17 17:26:25,565 - HHH000412: Hibernate Core {5.2.17.Final}
2018-10-17 17:26:25,568 - HHH000206: hibernate.properties not found
2018-10-17 17:26:25,622 - HCANN000001: Hibernate Commons Annotations {5.0.1.Final}
2018-10-17 17:26:25,794 - HHH000400: Using dialect: org.hibernate.dialect.MySQL5InnoDBDialect
2018-10-17 17:26:26,803 - Initialized JPA EntityManagerFactory for persistence unit 'default'
2018-10-17 17:26:27,178 - Mapped URL path [/**/favicon.ico] onto handler of type [class org.springframework.web.servlet.resource.ResourceHttpRequestHandler]
2018-10-17 17:26:28,110 - Looking for @ControllerAdvice: org.springframework.web.context.support.GenericWebApplicationContext@704deff2: startup date [Wed Oct 17 17:26:22 CST 2018]; root of context hierarchy
2018-10-17 17:26:28,173 - spring.jpa.open-in-view is enabled by default. Therefore, database queries may be performed during view rendering. Explicitly configure spring.jpa.open-in-view to disable this warning
2018-10-17 17:26:28,244 - Mapped "{[/error]}" onto public org.springframework.http.ResponseEntity<java.util.Map<java.lang.String, java.lang.Object>> org.springframework.boot.autoconfigure.web.servlet.error.BasicErrorController.error(javax.servlet.http.HttpServletRequest)
2018-10-17 17:26:28,246 - Mapped "{[/error],produces=[text/html]}" onto public org.springframework.web.servlet.ModelAndView org.springframework.boot.autoconfigure.web.servlet.error.BasicErrorController.errorHtml(javax.servlet.http.HttpServletRequest,javax.servlet.http.HttpServletResponse)
2018-10-17 17:26:28,292 - Mapped URL path [/webjars/**] onto handler of type [class org.springframework.web.servlet.resource.ResourceHttpRequestHandler]
2018-10-17 17:26:28,292 - Mapped URL path [/**] onto handler of type [class org.springframework.web.servlet.resource.ResourceHttpRequestHandler]
2018-10-17 17:26:28,468 - Adding welcome page template: index
2018-10-17 17:26:28,737 - Started ProductCategoryRepositoryTest in 7.426 seconds (JVM running for 9.101)
2018-10-17 17:26:28,892 - HHH000397: Using ASTQueryTranslatorFactory
2018-10-17 17:26:29,134 - Closing org.springframework.web.context.support.GenericWebApplicationContext@704deff2: startup date [Wed Oct 17 17:26:22 CST 2018]; root of context hierarchy
2018-10-17 17:26:29,139 - Closing JPA EntityManagerFactory for persistence unit 'default'
2018-10-17 17:26:29,141 - HikariPool-1 - Shutdown initiated...
2018-10-17 17:26:29,148 - HikariPool-1 - Shutdown completed.
2018-10-17 17:27:03,751 - Starting ProductCategoryRepositoryTest on DESKTOP-5JAVIGT with PID 1336 (started by broccoli in D:\Idea_workplace\sell)
2018-10-17 17:27:03,751 - The following profiles are active: dev
2018-10-17 17:27:03,781 - Refreshing org.springframework.web.context.support.GenericWebApplicationContext@379614be: startup date [Wed Oct 17 17:27:03 CST 2018]; root of context hierarchy
2018-10-17 17:27:05,743 - Bean 'org.springframework.transaction.annotation.ProxyTransactionManagementConfiguration' of type [org.springframework.transaction.annotation.ProxyTransactionManagementConfiguration$$EnhancerBySpringCGLIB$$dc81ee95] is not eligible for getting processed by all BeanPostProcessors (for example: not eligible for auto-proxying)
2018-10-17 17:27:05,974 - HikariPool-1 - Starting...
2018-10-17 17:27:06,600 - HikariPool-1 - Start completed.
2018-10-17 17:27:06,644 - Building JPA container EntityManagerFactory for persistence unit 'default'
2018-10-17 17:27:06,663 - HHH000204: Processing PersistenceUnitInfo [
	name: default
	...]
2018-10-17 17:27:06,759 - HHH000412: Hibernate Core {5.2.17.Final}
2018-10-17 17:27:06,761 - HHH000206: hibernate.properties not found
2018-10-17 17:27:06,807 - HCANN000001: Hibernate Commons Annotations {5.0.1.Final}
2018-10-17 17:27:07,003 - HHH000400: Using dialect: org.hibernate.dialect.MySQL5InnoDBDialect
2018-10-17 17:27:07,946 - Initialized JPA EntityManagerFactory for persistence unit 'default'
2018-10-17 17:27:08,303 - Mapped URL path [/**/favicon.ico] onto handler of type [class org.springframework.web.servlet.resource.ResourceHttpRequestHandler]
2018-10-17 17:27:09,072 - Looking for @ControllerAdvice: org.springframework.web.context.support.GenericWebApplicationContext@379614be: startup date [Wed Oct 17 17:27:03 CST 2018]; root of context hierarchy
2018-10-17 17:27:09,124 - spring.jpa.open-in-view is enabled by default. Therefore, database queries may be performed during view rendering. Explicitly configure spring.jpa.open-in-view to disable this warning
2018-10-17 17:27:09,168 - Mapped "{[/error]}" onto public org.springframework.http.ResponseEntity<java.util.Map<java.lang.String, java.lang.Object>> org.springframework.boot.autoconfigure.web.servlet.error.BasicErrorController.error(javax.servlet.http.HttpServletRequest)
2018-10-17 17:27:09,169 - Mapped "{[/error],produces=[text/html]}" onto public org.springframework.web.servlet.ModelAndView org.springframework.boot.autoconfigure.web.servlet.error.BasicErrorController.errorHtml(javax.servlet.http.HttpServletRequest,javax.servlet.http.HttpServletResponse)
2018-10-17 17:27:09,215 - Mapped URL path [/webjars/**] onto handler of type [class org.springframework.web.servlet.resource.ResourceHttpRequestHandler]
2018-10-17 17:27:09,215 - Mapped URL path [/**] onto handler of type [class org.springframework.web.servlet.resource.ResourceHttpRequestHandler]
2018-10-17 17:27:09,382 - Adding welcome page template: index
2018-10-17 17:27:09,619 - Started ProductCategoryRepositoryTest in 6.616 seconds (JVM running for 7.807)
2018-10-17 17:27:09,785 - HHH000397: Using ASTQueryTranslatorFactory
2018-10-17 17:27:10,077 - Closing org.springframework.web.context.support.GenericWebApplicationContext@379614be: startup date [Wed Oct 17 17:27:03 CST 2018]; root of context hierarchy
2018-10-17 17:27:10,084 - Closing JPA EntityManagerFactory for persistence unit 'default'
2018-10-17 17:27:10,085 - HikariPool-1 - Shutdown initiated...
2018-10-17 17:27:10,095 - HikariPool-1 - Shutdown completed.
2018-10-17 17:32:15,739 - Starting ProductCategoryRepositoryTest on DESKTOP-5JAVIGT with PID 14632 (started by broccoli in D:\Idea_workplace\sell)
2018-10-17 17:32:15,739 - The following profiles are active: dev
2018-10-17 17:32:15,785 - Refreshing org.springframework.web.context.support.GenericWebApplicationContext@3ddc6915: startup date [Wed Oct 17 17:32:15 CST 2018]; root of context hierarchy
2018-10-17 17:32:17,921 - Bean 'org.springframework.transaction.annotation.ProxyTransactionManagementConfiguration' of type [org.springframework.transaction.annotation.ProxyTransactionManagementConfiguration$$EnhancerBySpringCGLIB$$ff5c903d] is not eligible for getting processed by all BeanPostProcessors (for example: not eligible for auto-proxying)
2018-10-17 17:32:18,203 - HikariPool-1 - Starting...
2018-10-17 17:32:18,815 - HikariPool-1 - Start completed.
2018-10-17 17:32:18,855 - Building JPA container EntityManagerFactory for persistence unit 'default'
2018-10-17 17:32:18,872 - HHH000204: Processing PersistenceUnitInfo [
	name: default
	...]
2018-10-17 17:32:18,963 - HHH000412: Hibernate Core {5.2.17.Final}
2018-10-17 17:32:18,965 - HHH000206: hibernate.properties not found
2018-10-17 17:32:19,010 - HCANN000001: Hibernate Commons Annotations {5.0.1.Final}
2018-10-17 17:32:19,189 - HHH000400: Using dialect: org.hibernate.dialect.MySQL5InnoDBDialect
2018-10-17 17:32:20,141 - Initialized JPA EntityManagerFactory for persistence unit 'default'
2018-10-17 17:32:20,471 - Mapped URL path [/**/favicon.ico] onto handler of type [class org.springframework.web.servlet.resource.ResourceHttpRequestHandler]
2018-10-17 17:32:21,262 - Looking for @ControllerAdvice: org.springframework.web.context.support.GenericWebApplicationContext@3ddc6915: startup date [Wed Oct 17 17:32:15 CST 2018]; root of context hierarchy
2018-10-17 17:32:21,311 - spring.jpa.open-in-view is enabled by default. Therefore, database queries may be performed during view rendering. Explicitly configure spring.jpa.open-in-view to disable this warning
2018-10-17 17:32:21,351 - Mapped "{[/error]}" onto public org.springframework.http.ResponseEntity<java.util.Map<java.lang.String, java.lang.Object>> org.springframework.boot.autoconfigure.web.servlet.error.BasicErrorController.error(javax.servlet.http.HttpServletRequest)
2018-10-17 17:32:21,353 - Mapped "{[/error],produces=[text/html]}" onto public org.springframework.web.servlet.ModelAndView org.springframework.boot.autoconfigure.web.servlet.error.BasicErrorController.errorHtml(javax.servlet.http.HttpServletRequest,javax.servlet.http.HttpServletResponse)
2018-10-17 17:32:21,384 - Mapped URL path [/webjars/**] onto handler of type [class org.springframework.web.servlet.resource.ResourceHttpRequestHandler]
2018-10-17 17:32:21,384 - Mapped URL path [/**] onto handler of type [class org.springframework.web.servlet.resource.ResourceHttpRequestHandler]
2018-10-17 17:32:21,516 - Adding welcome page template: index
2018-10-17 17:32:21,773 - Started ProductCategoryRepositoryTest in 6.791 seconds (JVM running for 8.015)
2018-10-17 17:32:21,959 - HHH000397: Using ASTQueryTranslatorFactory
2018-10-17 17:32:22,220 - Closing org.springframework.web.context.support.GenericWebApplicationContext@3ddc6915: startup date [Wed Oct 17 17:32:15 CST 2018]; root of context hierarchy
2018-10-17 17:32:22,225 - Closing JPA EntityManagerFactory for persistence unit 'default'
2018-10-17 17:32:22,226 - HikariPool-1 - Shutdown initiated...
2018-10-17 17:32:22,232 - HikariPool-1 - Shutdown completed.
